  [1m[35m (357.6ms)[0m  [1m[35mCREATE DATABASE "haris_ahmed_reddit_clone_development" ENCODING = 'unicode'[0m
  ↳ bin/rails:9
  [1m[35m (170.6ms)[0m  [1m[35mCREATE DATABASE "haris_ahmed_reddit_clone_test" ENCODING = 'unicode'[0m
  ↳ bin/rails:9
  [1m[35m (20.0ms)[0m  [1m[35mCREATE TABLE "schema_migrations" ("version" character varying NOT NULL PRIMARY KEY)[0m
  ↳ bin/rails:9
  [1m[35m (8.6ms)[0m  [1m[35mCREATE TABLE "ar_internal_metadata" ("key" character varying NOT NULL PRIMARY KEY, "value" character varying, "created_at" timestamp NOT NULL, "updated_at" timestamp NOT NULL)[0m
  ↳ bin/rails:9
  [1m[35m (0.5ms)[0m  [1m[34mSELECT pg_try_advisory_lock(5788963641914493390)[0m
  ↳ bin/rails:9
  [1m[35m (1.1ms)[0m  [1m[34mSELECT "schema_migrations"."version" FROM "schema_migrations" ORDER BY "schema_migrations"."version" ASC[0m
  ↳ bin/rails:9
Migrating to CreateUsers (20211103144254)
  [1m[35m (0.3ms)[0m  [1m[35mBEGIN[0m
  ↳ bin/rails:9
  [1m[35m (12.7ms)[0m  [1m[35mCREATE TABLE "users" ("id" bigserial primary key, "username" character varying NOT NULL, "password_digest" character varying NOT NULL, "session_token" character varying NOT NULL, "activated" boolean DEFAULT FALSE NOT NULL, "activation_token" character varying NOT NULL, "admin" boolean DEFAULT FALSE NOT NULL, "created_at" timestamp NOT NULL, "updated_at" timestamp NOT NULL)[0m
  ↳ db/migrate/20211103144254_create_users.rb:3
  [1m[35m (4.0ms)[0m  [1m[35mCREATE  INDEX  "index_users_on_username" ON "users"  ("username")[0m
  ↳ db/migrate/20211103144254_create_users.rb:14
  [1m[35m (3.3ms)[0m  [1m[35mCREATE UNIQUE INDEX  "index_users_on_session_token" ON "users"  ("session_token")[0m
  ↳ db/migrate/20211103144254_create_users.rb:15
  [1m[35m (3.8ms)[0m  [1m[35mCREATE UNIQUE INDEX  "index_users_on_activation_token" ON "users"  ("activation_token")[0m
  ↳ db/migrate/20211103144254_create_users.rb:16
  [1m[36mActiveRecord::SchemaMigration Create (0.9ms)[0m  [1m[32mINSERT INTO "schema_migrations" ("version") VALUES ($1) RETURNING "version"[0m  [["version", "20211103144254"]]
  ↳ bin/rails:9
  [1m[35m (1.8ms)[0m  [1m[35mCOMMIT[0m
  ↳ bin/rails:9
  [1m[36mActiveRecord::InternalMetadata Load (0.8ms)[0m  [1m[34mSELECT  "ar_internal_metadata".* FROM "ar_internal_metadata" WHERE "ar_internal_metadata"."key" = $1 LIMIT $2[0m  [["key", "environment"], ["LIMIT", 1]]
  ↳ bin/rails:9
  [1m[35m (5.3ms)[0m  [1m[35mBEGIN[0m
  ↳ bin/rails:9
  [1m[36mActiveRecord::InternalMetadata Create (0.8ms)[0m  [1m[32mINSERT INTO "ar_internal_metadata" ("key", "value", "created_at", "updated_at") VALUES ($1, $2, $3, $4) RETURNING "key"[0m  [["key", "environment"], ["value", "development"], ["created_at", "2021-11-03 14:45:41.017538"], ["updated_at", "2021-11-03 14:45:41.017538"]]
  ↳ bin/rails:9
  [1m[35m (1.4ms)[0m  [1m[35mCOMMIT[0m
  ↳ bin/rails:9
  [1m[35m (0.5ms)[0m  [1m[34mSELECT pg_advisory_unlock(5788963641914493390)[0m
  ↳ bin/rails:9
  [1m[35m (0.6ms)[0m  [1m[34mSELECT "schema_migrations"."version" FROM "schema_migrations" ORDER BY "schema_migrations"."version" ASC[0m
  ↳ bin/rails:9
  [1m[35m (1.2ms)[0m  [1m[34mSELECT "schema_migrations"."version" FROM "schema_migrations" ORDER BY "schema_migrations"."version" ASC[0m
  ↳ /home/hahmed1523/.rbenv/versions/2.7.1/bin/annotate:23
  [1m[35m (0.4ms)[0m  [1m[34mSELECT pg_try_advisory_lock(5788963641914493390)[0m
  ↳ bin/rails:9
  [1m[35m (2.3ms)[0m  [1m[34mSELECT "schema_migrations"."version" FROM "schema_migrations" ORDER BY "schema_migrations"."version" ASC[0m
  ↳ bin/rails:9
Migrating to CreateSubs (20211105132035)
  [1m[35m (1.5ms)[0m  [1m[35mBEGIN[0m
  ↳ bin/rails:9
  [1m[35m (32.6ms)[0m  [1m[35mCREATE TABLE "subs" ("id" bigserial primary key, "title" character varying NOT NULL, "description" character varying NOT NULL, "moderator" integer NOT NULL, "created_at" timestamp NOT NULL, "updated_at" timestamp NOT NULL)[0m
  ↳ db/migrate/20211105132035_create_subs.rb:3
  [1m[35m (3.4ms)[0m  [1m[35mCREATE  INDEX  "index_subs_on_moderator" ON "subs"  ("moderator")[0m
  ↳ db/migrate/20211105132035_create_subs.rb:11
  [1m[36mActiveRecord::SchemaMigration Create (0.9ms)[0m  [1m[32mINSERT INTO "schema_migrations" ("version") VALUES ($1) RETURNING "version"[0m  [["version", "20211105132035"]]
  ↳ bin/rails:9
  [1m[35m (2.6ms)[0m  [1m[35mCOMMIT[0m
  ↳ bin/rails:9
  [1m[36mActiveRecord::InternalMetadata Load (1.5ms)[0m  [1m[34mSELECT  "ar_internal_metadata".* FROM "ar_internal_metadata" WHERE "ar_internal_metadata"."key" = $1 LIMIT $2[0m  [["key", "environment"], ["LIMIT", 1]]
  ↳ bin/rails:9
  [1m[35m (2.4ms)[0m  [1m[35mBEGIN[0m
  ↳ bin/rails:9
  [1m[35m (0.2ms)[0m  [1m[35mCOMMIT[0m
  ↳ bin/rails:9
  [1m[35m (0.4ms)[0m  [1m[34mSELECT pg_advisory_unlock(5788963641914493390)[0m
  ↳ bin/rails:9
  [1m[35m (0.5ms)[0m  [1m[34mSELECT "schema_migrations"."version" FROM "schema_migrations" ORDER BY "schema_migrations"."version" ASC[0m
  ↳ bin/rails:9
  [1m[35m (1.1ms)[0m  [1m[34mSELECT "schema_migrations"."version" FROM "schema_migrations" ORDER BY "schema_migrations"."version" ASC[0m
  ↳ /home/hahmed1523/.rbenv/versions/2.7.1/bin/annotate:23
  [1m[35m (1.2ms)[0m  [1m[34mSELECT "schema_migrations"."version" FROM "schema_migrations" ORDER BY "schema_migrations"."version" ASC[0m
  ↳ /home/hahmed1523/.rbenv/versions/2.7.1/bin/annotate:23
  [1m[35m (1.2ms)[0m  [1m[34mSELECT "schema_migrations"."version" FROM "schema_migrations" ORDER BY "schema_migrations"."version" ASC[0m
  ↳ /home/hahmed1523/.rbenv/versions/2.7.1/bin/annotate:23
  [1m[35m (0.4ms)[0m  [1m[34mSELECT pg_try_advisory_lock(5788963641914493390)[0m
  ↳ bin/rails:9
  [1m[35m (1.1ms)[0m  [1m[34mSELECT "schema_migrations"."version" FROM "schema_migrations" ORDER BY "schema_migrations"."version" ASC[0m
  ↳ bin/rails:9
Migrating to CreatePosts (20211105144142)
  [1m[35m (0.2ms)[0m  [1m[35mBEGIN[0m
  ↳ bin/rails:9
  [1m[35m (12.4ms)[0m  [1m[35mCREATE TABLE "posts" ("id" bigserial primary key, "title" character varying NOT NULL, "url" character varying, "content" character varying, "sub" integer NOT NULL, "author" integer NOT NULL, "created_at" timestamp NOT NULL, "updated_at" timestamp NOT NULL)[0m
  ↳ db/migrate/20211105144142_create_posts.rb:3
  [1m[35m (3.6ms)[0m  [1m[35mCREATE  INDEX  "index_posts_on_sub" ON "posts"  ("sub")[0m
  ↳ db/migrate/20211105144142_create_posts.rb:13
  [1m[35m (3.3ms)[0m  [1m[35mCREATE  INDEX  "index_posts_on_author" ON "posts"  ("author")[0m
  ↳ db/migrate/20211105144142_create_posts.rb:14
  [1m[36mActiveRecord::SchemaMigration Create (1.9ms)[0m  [1m[32mINSERT INTO "schema_migrations" ("version") VALUES ($1) RETURNING "version"[0m  [["version", "20211105144142"]]
  ↳ bin/rails:9
  [1m[35m (2.5ms)[0m  [1m[35mCOMMIT[0m
  ↳ bin/rails:9
  [1m[36mActiveRecord::InternalMetadata Load (0.7ms)[0m  [1m[34mSELECT  "ar_internal_metadata".* FROM "ar_internal_metadata" WHERE "ar_internal_metadata"."key" = $1 LIMIT $2[0m  [["key", "environment"], ["LIMIT", 1]]
  ↳ bin/rails:9
  [1m[35m (2.1ms)[0m  [1m[35mBEGIN[0m
  ↳ bin/rails:9
  [1m[35m (1.2ms)[0m  [1m[35mCOMMIT[0m
  ↳ bin/rails:9
  [1m[35m (0.7ms)[0m  [1m[34mSELECT pg_advisory_unlock(5788963641914493390)[0m
  ↳ bin/rails:9
  [1m[35m (0.8ms)[0m  [1m[34mSELECT "schema_migrations"."version" FROM "schema_migrations" ORDER BY "schema_migrations"."version" ASC[0m
  ↳ bin/rails:9
  [1m[35m (1.1ms)[0m  [1m[34mSELECT "schema_migrations"."version" FROM "schema_migrations" ORDER BY "schema_migrations"."version" ASC[0m
  ↳ /home/hahmed1523/.rbenv/versions/2.7.1/bin/annotate:23
  [1m[35m (0.4ms)[0m  [1m[34mSELECT pg_try_advisory_lock(5788963641914493390)[0m
  ↳ bin/rails:9
  [1m[35m (1.1ms)[0m  [1m[34mSELECT "schema_migrations"."version" FROM "schema_migrations" ORDER BY "schema_migrations"."version" ASC[0m
  ↳ bin/rails:9
Migrating to RemoveSubFromPost (20211105160003)
  [1m[35m (0.5ms)[0m  [1m[34mSELECT pg_advisory_unlock(5788963641914493390)[0m
  ↳ bin/rails:9
  [1m[35m (0.4ms)[0m  [1m[34mSELECT pg_try_advisory_lock(5788963641914493390)[0m
  ↳ bin/rails:9
  [1m[35m (1.3ms)[0m  [1m[34mSELECT "schema_migrations"."version" FROM "schema_migrations" ORDER BY "schema_migrations"."version" ASC[0m
  ↳ bin/rails:9
Migrating to RemoveSubFromPost (20211105160003)
  [1m[35m (0.2ms)[0m  [1m[35mBEGIN[0m
  ↳ bin/rails:9
  [1m[35m (3.1ms)[0m  [1m[35mALTER TABLE "posts" DROP COLUMN "sub"[0m
  ↳ db/migrate/20211105160003_remove_sub_from_post.rb:3
  [1m[36mActiveRecord::SchemaMigration Create (0.6ms)[0m  [1m[32mINSERT INTO "schema_migrations" ("version") VALUES ($1) RETURNING "version"[0m  [["version", "20211105160003"]]
  ↳ bin/rails:9
  [1m[35m (2.6ms)[0m  [1m[35mCOMMIT[0m
  ↳ bin/rails:9
  [1m[36mActiveRecord::InternalMetadata Load (0.8ms)[0m  [1m[34mSELECT  "ar_internal_metadata".* FROM "ar_internal_metadata" WHERE "ar_internal_metadata"."key" = $1 LIMIT $2[0m  [["key", "environment"], ["LIMIT", 1]]
  ↳ bin/rails:9
  [1m[35m (0.7ms)[0m  [1m[35mBEGIN[0m
  ↳ bin/rails:9
  [1m[35m (1.1ms)[0m  [1m[35mCOMMIT[0m
  ↳ bin/rails:9
  [1m[35m (0.5ms)[0m  [1m[34mSELECT pg_advisory_unlock(5788963641914493390)[0m
  ↳ bin/rails:9
  [1m[35m (0.6ms)[0m  [1m[34mSELECT "schema_migrations"."version" FROM "schema_migrations" ORDER BY "schema_migrations"."version" ASC[0m
  ↳ bin/rails:9
  [1m[35m (0.4ms)[0m  [1m[34mSELECT pg_try_advisory_lock(5788963641914493390)[0m
  ↳ bin/rails:9
  [1m[35m (1.3ms)[0m  [1m[34mSELECT "schema_migrations"."version" FROM "schema_migrations" ORDER BY "schema_migrations"."version" ASC[0m
  ↳ bin/rails:9
Migrating to UpdateAuthorToAuthorIdInPost (20211105160241)
  [1m[35m (1.0ms)[0m  [1m[35mBEGIN[0m
  ↳ bin/rails:9
  [1m[35m (1.3ms)[0m  [1m[35mALTER TABLE "posts" RENAME COLUMN "author" TO "author_id"[0m
  ↳ db/migrate/20211105160241_update_author_to_author_id_in_post.rb:3
  [1m[35m (0.7ms)[0m  [1m[35mALTER INDEX "index_posts_on_author" RENAME TO "index_posts_on_author_id"[0m
  ↳ db/migrate/20211105160241_update_author_to_author_id_in_post.rb:3
  [1m[36mActiveRecord::SchemaMigration Create (3.9ms)[0m  [1m[32mINSERT INTO "schema_migrations" ("version") VALUES ($1) RETURNING "version"[0m  [["version", "20211105160241"]]
  ↳ bin/rails:9
  [1m[35m (2.0ms)[0m  [1m[35mCOMMIT[0m
  ↳ bin/rails:9
  [1m[36mActiveRecord::InternalMetadata Load (0.7ms)[0m  [1m[34mSELECT  "ar_internal_metadata".* FROM "ar_internal_metadata" WHERE "ar_internal_metadata"."key" = $1 LIMIT $2[0m  [["key", "environment"], ["LIMIT", 1]]
  ↳ bin/rails:9
  [1m[35m (0.2ms)[0m  [1m[35mBEGIN[0m
  ↳ bin/rails:9
  [1m[35m (0.2ms)[0m  [1m[35mCOMMIT[0m
  ↳ bin/rails:9
  [1m[35m (1.3ms)[0m  [1m[34mSELECT pg_advisory_unlock(5788963641914493390)[0m
  ↳ bin/rails:9
  [1m[35m (0.5ms)[0m  [1m[34mSELECT "schema_migrations"."version" FROM "schema_migrations" ORDER BY "schema_migrations"."version" ASC[0m
  ↳ bin/rails:9
  [1m[35m (0.3ms)[0m  [1m[34mSELECT pg_try_advisory_lock(5788963641914493390)[0m
  ↳ bin/rails:9
  [1m[35m (1.2ms)[0m  [1m[34mSELECT "schema_migrations"."version" FROM "schema_migrations" ORDER BY "schema_migrations"."version" ASC[0m
  ↳ bin/rails:9
Migrating to UpdateModeratorToModeratorIdInSub (20211105160622)
  [1m[35m (0.3ms)[0m  [1m[35mBEGIN[0m
  ↳ bin/rails:9
  [1m[35m (3.9ms)[0m  [1m[35mALTER TABLE "sub" RENAME COLUMN "moderator" TO "moderator_id"[0m
  ↳ db/migrate/20211105160622_update_moderator_to_moderator_id_in_sub.rb:3
  [1m[35m (1.1ms)[0m  [1m[31mROLLBACK[0m
  ↳ bin/rails:9
  [1m[35m (0.9ms)[0m  [1m[34mSELECT pg_advisory_unlock(5788963641914493390)[0m
  ↳ bin/rails:9
  [1m[35m (0.4ms)[0m  [1m[34mSELECT pg_try_advisory_lock(5788963641914493390)[0m
  ↳ bin/rails:9
  [1m[35m (1.3ms)[0m  [1m[34mSELECT "schema_migrations"."version" FROM "schema_migrations" ORDER BY "schema_migrations"."version" ASC[0m
  ↳ bin/rails:9
Migrating to UpdateModeratorToModeratorIdInSub (20211105160622)
  [1m[35m (0.3ms)[0m  [1m[35mBEGIN[0m
  ↳ bin/rails:9
  [1m[35m (0.7ms)[0m  [1m[35mALTER TABLE "subs" RENAME COLUMN "moderator" TO "moderator_id"[0m
  ↳ db/migrate/20211105160622_update_moderator_to_moderator_id_in_sub.rb:3
  [1m[35m (0.6ms)[0m  [1m[35mALTER INDEX "index_subs_on_moderator" RENAME TO "index_subs_on_moderator_id"[0m
  ↳ db/migrate/20211105160622_update_moderator_to_moderator_id_in_sub.rb:3
  [1m[36mActiveRecord::SchemaMigration Create (0.6ms)[0m  [1m[32mINSERT INTO "schema_migrations" ("version") VALUES ($1) RETURNING "version"[0m  [["version", "20211105160622"]]
  ↳ bin/rails:9
  [1m[35m (1.9ms)[0m  [1m[35mCOMMIT[0m
  ↳ bin/rails:9
  [1m[36mActiveRecord::InternalMetadata Load (0.6ms)[0m  [1m[34mSELECT  "ar_internal_metadata".* FROM "ar_internal_metadata" WHERE "ar_internal_metadata"."key" = $1 LIMIT $2[0m  [["key", "environment"], ["LIMIT", 1]]
  ↳ bin/rails:9
  [1m[35m (0.7ms)[0m  [1m[35mBEGIN[0m
  ↳ bin/rails:9
  [1m[35m (1.0ms)[0m  [1m[35mCOMMIT[0m
  ↳ bin/rails:9
  [1m[35m (0.5ms)[0m  [1m[34mSELECT pg_advisory_unlock(5788963641914493390)[0m
  ↳ bin/rails:9
  [1m[35m (0.6ms)[0m  [1m[34mSELECT "schema_migrations"."version" FROM "schema_migrations" ORDER BY "schema_migrations"."version" ASC[0m
  ↳ bin/rails:9
  [1m[35m (0.5ms)[0m  [1m[34mSELECT pg_try_advisory_lock(5788963641914493390)[0m
  ↳ bin/rails:9
  [1m[35m (2.6ms)[0m  [1m[34mSELECT "schema_migrations"."version" FROM "schema_migrations" ORDER BY "schema_migrations"."version" ASC[0m
  ↳ bin/rails:9
Migrating to CreatePostSubs (20211108141522)
  [1m[35m (0.8ms)[0m  [1m[35mBEGIN[0m
  ↳ bin/rails:9
  [1m[35m (0.5ms)[0m  [1m[31mROLLBACK[0m
  ↳ bin/rails:9
  [1m[35m (3.7ms)[0m  [1m[34mSELECT pg_advisory_unlock(5788963641914493390)[0m
  ↳ bin/rails:9
  [1m[35m (0.4ms)[0m  [1m[34mSELECT pg_try_advisory_lock(5788963641914493390)[0m
  ↳ bin/rails:9
  [1m[35m (1.1ms)[0m  [1m[34mSELECT "schema_migrations"."version" FROM "schema_migrations" ORDER BY "schema_migrations"."version" ASC[0m
  ↳ bin/rails:9
Migrating to CreatePostSubs (20211108141522)
  [1m[35m (0.3ms)[0m  [1m[35mBEGIN[0m
  ↳ bin/rails:9
  [1m[35m (28.9ms)[0m  [1m[35mCREATE TABLE "post_subs" ("id" bigserial primary key, "post_id" integer NOT NULL, "sub_id" integer NOT NULL, "created_at" timestamp NOT NULL, "updated_at" timestamp NOT NULL)[0m
  ↳ db/migrate/20211108141522_create_post_subs.rb:3
  [1m[35m (7.0ms)[0m  [1m[35mCREATE  INDEX  "index_post_subs_on_post_id" ON "post_subs"  ("post_id")[0m
  ↳ db/migrate/20211108141522_create_post_subs.rb:10
  [1m[35m (4.4ms)[0m  [1m[35mCREATE  INDEX  "index_post_subs_on_sub_id" ON "post_subs"  ("sub_id")[0m
  ↳ db/migrate/20211108141522_create_post_subs.rb:11
  [1m[35m (3.2ms)[0m  [1m[35mCREATE UNIQUE INDEX  "index_post_subs_on_post_id_and_sub_id" ON "post_subs"  ("post_id", "sub_id")[0m
  ↳ db/migrate/20211108141522_create_post_subs.rb:12
  [1m[36mActiveRecord::SchemaMigration Create (0.6ms)[0m  [1m[32mINSERT INTO "schema_migrations" ("version") VALUES ($1) RETURNING "version"[0m  [["version", "20211108141522"]]
  ↳ bin/rails:9
  [1m[35m (2.8ms)[0m  [1m[35mCOMMIT[0m
  ↳ bin/rails:9
  [1m[36mActiveRecord::InternalMetadata Load (1.7ms)[0m  [1m[34mSELECT  "ar_internal_metadata".* FROM "ar_internal_metadata" WHERE "ar_internal_metadata"."key" = $1 LIMIT $2[0m  [["key", "environment"], ["LIMIT", 1]]
  ↳ bin/rails:9
  [1m[35m (5.6ms)[0m  [1m[35mBEGIN[0m
  ↳ bin/rails:9
  [1m[35m (0.3ms)[0m  [1m[35mCOMMIT[0m
  ↳ bin/rails:9
  [1m[35m (0.5ms)[0m  [1m[34mSELECT pg_advisory_unlock(5788963641914493390)[0m
  ↳ bin/rails:9
  [1m[35m (0.6ms)[0m  [1m[34mSELECT "schema_migrations"."version" FROM "schema_migrations" ORDER BY "schema_migrations"."version" ASC[0m
  ↳ bin/rails:9
Started GET "/" for ::1 at 2021-11-08 13:06:00 -0500
  [1m[35m (1.0ms)[0m  [1m[34mSELECT "schema_migrations"."version" FROM "schema_migrations" ORDER BY "schema_migrations"."version" ASC[0m
  ↳ /home/hahmed1523/.rbenv/versions/2.7.1/lib/ruby/gems/2.7.0/gems/activerecord-5.2.6/lib/active_record/log_subscriber.rb:98
Started GET "/subs" for ::1 at 2021-11-08 13:06:00 -0500
Processing by SubsController#index as HTML
  Rendering subs/index.html.erb within layouts/application
  [1m[36mSub Load (2.5ms)[0m  [1m[34mSELECT "subs".* FROM "subs"[0m
  ↳ app/views/subs/index.html.erb:4
  Rendered subs/index.html.erb within layouts/application (11.3ms)
Completed 200 OK in 631ms (Views: 607.6ms | ActiveRecord: 4.9ms)


Started GET "/subs" for ::1 at 2021-11-08 13:06:10 -0500
Processing by SubsController#index as HTML
  Rendering subs/index.html.erb within layouts/application
  [1m[36mSub Load (1.3ms)[0m  [1m[34mSELECT "subs".* FROM "subs"[0m
  ↳ app/views/subs/index.html.erb:4
  Rendered subs/index.html.erb within layouts/application (8.5ms)
Completed 200 OK in 53ms (Views: 50.8ms | ActiveRecord: 1.3ms)


Started GET "/subs" for ::1 at 2021-11-08 13:09:16 -0500
Processing by SubsController#index as HTML
  Rendering subs/index.html.erb within layouts/application
  [1m[36mSub Load (1.2ms)[0m  [1m[34mSELECT "subs".* FROM "subs"[0m
  ↳ app/views/subs/index.html.erb:4
  Rendered subs/index.html.erb within layouts/application (5.5ms)
Completed 200 OK in 52ms (Views: 49.7ms | ActiveRecord: 1.2ms)


Started GET "/subs/new" for ::1 at 2021-11-08 13:09:17 -0500
Processing by SubsController#new as HTML
Redirected to http://localhost:3000/session/new
Filter chain halted as :require_user! rendered or redirected
Completed 302 Found in 9ms (ActiveRecord: 0.0ms)


Started GET "/session/new" for ::1 at 2021-11-08 13:09:17 -0500
Processing by SessionsController#new as HTML
  Rendering sessions/new.html.erb within layouts/application
  Rendered sessions/new.html.erb within layouts/application (0.6ms)
Completed 200 OK in 36ms (Views: 35.1ms | ActiveRecord: 0.0ms)


Started GET "/session/new" for ::1 at 2021-11-08 13:16:08 -0500
Processing by SessionsController#new as HTML
  Rendering sessions/new.html.erb within layouts/application
  Rendered sessions/new.html.erb within layouts/application (3.9ms)
Completed 200 OK in 69ms (Views: 67.8ms | ActiveRecord: 0.0ms)


Started GET "/session/new" for ::1 at 2021-11-08 13:16:24 -0500
Processing by SessionsController#new as HTML
  Rendering sessions/new.html.erb within layouts/application
  Rendered sessions/new.html.erb within layouts/application (1.0ms)
Completed 200 OK in 58ms (Views: 57.3ms | ActiveRecord: 0.0ms)


Started GET "/session/new" for ::1 at 2021-11-08 14:05:49 -0500
Processing by SessionsController#new as HTML
  Rendering sessions/new.html.erb within layouts/application
  Rendered sessions/new.html.erb within layouts/application (1.1ms)
  Rendered shared/_main_nav.html.erb (0.6ms)
Completed 200 OK in 48ms (Views: 46.6ms | ActiveRecord: 0.0ms)


Started GET "/" for ::1 at 2021-11-08 14:08:13 -0500
Started GET "/subs" for ::1 at 2021-11-08 14:08:13 -0500
Processing by SubsController#index as HTML
  Rendering subs/index.html.erb within layouts/application
  [1m[36mSub Load (0.9ms)[0m  [1m[34mSELECT "subs".* FROM "subs"[0m
  ↳ app/views/subs/index.html.erb:4
  Rendered subs/index.html.erb within layouts/application (8.3ms)
  Rendered shared/_main_nav.html.erb (0.5ms)
Completed 200 OK in 45ms (Views: 33.5ms | ActiveRecord: 4.4ms)


Started GET "/subs/new" for ::1 at 2021-11-08 14:08:19 -0500
Processing by SubsController#new as HTML
  Rendering subs/new.html.erb within layouts/application
  Rendered subs/_form.html.erb (0.4ms)
  Rendered subs/new.html.erb within layouts/application (2.1ms)
  Rendered shared/_main_nav.html.erb (0.7ms)
Completed 200 OK in 82ms (Views: 36.3ms | ActiveRecord: 9.4ms)


Started GET "/subs/new" for ::1 at 2021-11-08 14:18:12 -0500
Processing by SubsController#new as HTML
  Rendering subs/new.html.erb within layouts/application
  Rendered subs/_form.html.erb (4.7ms)
  Rendered subs/new.html.erb within layouts/application (7.7ms)
Completed 500 Internal Server Error in 13ms (ActiveRecord: 0.0ms)



SyntaxError - syntax error, unexpected `ensure', expecting ')'
          ensure
          ^~~~~~
/home/hahmed1523/Documents/appacademy/aA-projects/rails/haris_ahmed_reddit_clone/app/views/subs/_form.html.erb:35: syntax error, unexpected `end', expecting ')'
          end
          ^~~:
  app/views/subs/_form.html.erb:33:in `'
  app/views/subs/new.html.erb:3:in `_app_views_subs_new_html_erb___956318000298112140_21100'
  app/controllers/subs_controller.rb:23:in `new'

Started POST "/__better_errors/ecb1fcf01b229714/variables" for ::1 at 2021-11-08 14:18:12 -0500
Started GET "/subs/new" for ::1 at 2021-11-08 14:18:46 -0500
Processing by SubsController#new as HTML
  Rendering subs/new.html.erb within layouts/application
  Rendered subs/_form.html.erb (2.1ms)
  Rendered subs/new.html.erb within layouts/application (4.3ms)
Completed 500 Internal Server Error in 9ms (ActiveRecord: 0.0ms)



SyntaxError - syntax error, unexpected `ensure', expecting ')'
          ensure
          ^~~~~~
/home/hahmed1523/Documents/appacademy/aA-projects/rails/haris_ahmed_reddit_clone/app/views/subs/_form.html.erb:35: syntax error, unexpected `end', expecting ')'
          end
          ^~~:
  app/views/subs/_form.html.erb:33:in `'
  app/views/subs/new.html.erb:3:in `_app_views_subs_new_html_erb___956318000298112140_21300'
  app/controllers/subs_controller.rb:23:in `new'

Started POST "/__better_errors/d06252578d110308/variables" for ::1 at 2021-11-08 14:18:46 -0500
Started POST "/__better_errors/d06252578d110308/variables" for ::1 at 2021-11-08 14:19:03 -0500
Started POST "/__better_errors/d06252578d110308/variables" for ::1 at 2021-11-08 14:19:05 -0500
Started GET "/subs/new" for ::1 at 2021-11-08 14:21:15 -0500
Processing by SubsController#new as HTML
  Rendering subs/new.html.erb within layouts/application
  Rendered subs/_form.html.erb (50.1ms)
  Rendered subs/new.html.erb within layouts/application (54.9ms)
Completed 500 Internal Server Error in 66ms (ActiveRecord: 0.0ms)



NoMethodError - undefined method `description' for #<Post:0x00007f5844a22990>:
  app/views/subs/_form.html.erb:26:in `_app_views_subs__form_html_erb__4187362271805551412_21420'
  app/views/subs/new.html.erb:3:in `_app_views_subs_new_html_erb___956318000298112140_21400'
  app/controllers/subs_controller.rb:23:in `new'

Started POST "/__better_errors/0c6961088866b198/variables" for ::1 at 2021-11-08 14:21:15 -0500
Started GET "/subs/new" for ::1 at 2021-11-08 14:22:54 -0500
Processing by SubsController#new as HTML
  Rendering subs/new.html.erb within layouts/application
  Rendered subs/_form.html.erb (1.7ms)
  Rendered subs/new.html.erb within layouts/application (5.2ms)
  Rendered shared/_main_nav.html.erb (1.0ms)
Completed 200 OK in 96ms (Views: 58.0ms | ActiveRecord: 13.8ms)


Started GET "/subs/new" for ::1 at 2021-11-08 14:23:45 -0500
Processing by SubsController#new as HTML
  Rendering subs/new.html.erb within layouts/application
  Rendered subs/_form.html.erb (2.2ms)
  Rendered subs/new.html.erb within layouts/application (5.2ms)
  Rendered shared/_main_nav.html.erb (0.9ms)
Completed 200 OK in 56ms (Views: 55.0ms | ActiveRecord: 0.0ms)


Started GET "/subs/new" for ::1 at 2021-11-08 14:25:35 -0500
Processing by SubsController#new as HTML
  Rendering subs/new.html.erb within layouts/application
  Rendered subs/_form.html.erb (1.2ms)
  Rendered subs/new.html.erb within layouts/application (4.7ms)
  Rendered shared/_main_nav.html.erb (1.7ms)
Completed 200 OK in 53ms (Views: 51.5ms | ActiveRecord: 0.0ms)


Started GET "/" for ::1 at 2021-11-08 14:25:37 -0500
Started GET "/subs" for ::1 at 2021-11-08 14:25:37 -0500
Processing by SubsController#index as HTML
  Rendering subs/index.html.erb within layouts/application
  [1m[36mSub Load (1.2ms)[0m  [1m[34mSELECT "subs".* FROM "subs"[0m
  ↳ app/views/subs/index.html.erb:4
  Rendered subs/index.html.erb within layouts/application (6.5ms)
  Rendered shared/_main_nav.html.erb (0.8ms)
Completed 200 OK in 48ms (Views: 46.0ms | ActiveRecord: 1.2ms)


Started GET "/subs/new" for ::1 at 2021-11-08 14:25:49 -0500
Processing by SubsController#new as HTML
  Rendering subs/new.html.erb within layouts/application
  Rendered subs/_form.html.erb (1.8ms)
  Rendered subs/new.html.erb within layouts/application (7.8ms)
  Rendered shared/_main_nav.html.erb (0.9ms)
Completed 200 OK in 63ms (Views: 62.0ms | ActiveRecord: 0.0ms)


Started GET "/" for ::1 at 2021-11-08 14:25:52 -0500
Started GET "/subs" for ::1 at 2021-11-08 14:25:52 -0500
Processing by SubsController#index as HTML
  Rendering subs/index.html.erb within layouts/application
  [1m[36mSub Load (1.3ms)[0m  [1m[34mSELECT "subs".* FROM "subs"[0m
  ↳ app/views/subs/index.html.erb:4
  Rendered subs/index.html.erb within layouts/application (5.2ms)
  Rendered shared/_main_nav.html.erb (0.9ms)
Completed 200 OK in 56ms (Views: 53.3ms | ActiveRecord: 1.3ms)


Started GET "/" for ::1 at 2021-11-08 14:38:05 -0500
Started GET "/subs" for ::1 at 2021-11-08 14:38:05 -0500
Processing by SubsController#index as HTML
  Rendering subs/index.html.erb within layouts/application
  [1m[36mSub Load (2.9ms)[0m  [1m[34mSELECT "subs".* FROM "subs"[0m
  ↳ app/views/subs/index.html.erb:4
  Rendered subs/index.html.erb within layouts/application (7.2ms)
  Rendered shared/_main_nav.html.erb (1.3ms)
Completed 200 OK in 55ms (Views: 50.8ms | ActiveRecord: 2.9ms)


Started GET "/subs/new" for ::1 at 2021-11-08 14:38:08 -0500
Processing by SubsController#new as HTML
  Rendering subs/new.html.erb within layouts/application
  Rendered subs/_form.html.erb (1.7ms)
  Rendered subs/new.html.erb within layouts/application (4.9ms)
  Rendered shared/_main_nav.html.erb (0.8ms)
Completed 200 OK in 63ms (Views: 61.7ms | ActiveRecord: 0.0ms)


Started GET "/" for ::1 at 2021-11-08 14:38:10 -0500
Started GET "/subs" for ::1 at 2021-11-08 14:38:10 -0500
Processing by SubsController#index as HTML
  Rendering subs/index.html.erb within layouts/application
  [1m[36mSub Load (1.0ms)[0m  [1m[34mSELECT "subs".* FROM "subs"[0m
  ↳ app/views/subs/index.html.erb:4
  Rendered subs/index.html.erb within layouts/application (5.0ms)
  Rendered shared/_main_nav.html.erb (0.8ms)
Completed 200 OK in 49ms (Views: 46.6ms | ActiveRecord: 1.0ms)


Started GET "/subs/new" for ::1 at 2021-11-08 14:38:37 -0500
Processing by SubsController#new as HTML
  Rendering subs/new.html.erb within layouts/application
  Rendered subs/_form.html.erb (3.1ms)
  Rendered subs/new.html.erb within layouts/application (5.8ms)
  Rendered shared/_main_nav.html.erb (2.9ms)
Completed 200 OK in 59ms (Views: 58.4ms | ActiveRecord: 0.0ms)


Started GET "/" for ::1 at 2021-11-08 14:38:39 -0500
Started GET "/subs" for ::1 at 2021-11-08 14:38:39 -0500
Processing by SubsController#index as HTML
  Rendering subs/index.html.erb within layouts/application
  [1m[36mSub Load (0.5ms)[0m  [1m[34mSELECT "subs".* FROM "subs"[0m
  ↳ app/views/subs/index.html.erb:4
  Rendered subs/index.html.erb within layouts/application (7.2ms)
  Rendered shared/_main_nav.html.erb (0.7ms)
Completed 200 OK in 65ms (Views: 63.1ms | ActiveRecord: 0.5ms)


Started GET "/subs/new" for ::1 at 2021-11-08 14:39:01 -0500
Processing by SubsController#new as HTML
  Rendering subs/new.html.erb within layouts/application
  Rendered subs/_form.html.erb (5.1ms)
  Rendered subs/new.html.erb within layouts/application (7.1ms)
  Rendered shared/_main_nav.html.erb (2.0ms)
Completed 200 OK in 73ms (Views: 71.9ms | ActiveRecord: 0.0ms)


Started POST "/subs" for ::1 at 2021-11-08 14:39:12 -0500
Processing by SubsController#create as HTML
  Parameters: {"authenticity_token"=>"0C78wuVlx+j6AAiUlUcMp6TBPS84GLx8BCstPVjvfKeuOCckI3OEsAEqiIIeFmsD+ktc8V7sZGcT8AEeLuuRgg==", "sub"=>{"title"=>"Test1", "description"=>"Test 1 description        "}}
Completed 500 Internal Server Error in 3ms (ActiveRecord: 0.0ms)



NoMethodError - undefined method `id' for nil:NilClass:
  app/controllers/subs_controller.rb:28:in `create'

Started POST "/__better_errors/00c020fc4b09830e/variables" for ::1 at 2021-11-08 14:39:12 -0500
Started GET "/subs" for ::1 at 2021-11-08 14:39:36 -0500
Processing by SubsController#index as HTML
  Rendering subs/index.html.erb within layouts/application
  [1m[36mSub Load (0.6ms)[0m  [1m[34mSELECT "subs".* FROM "subs"[0m
  ↳ app/views/subs/index.html.erb:4
  Rendered subs/index.html.erb within layouts/application (2.9ms)
  Rendered shared/_main_nav.html.erb (0.9ms)
Completed 200 OK in 64ms (Views: 61.9ms | ActiveRecord: 0.6ms)


Started GET "/" for ::1 at 2021-11-08 14:40:57 -0500
Started GET "/subs" for ::1 at 2021-11-08 14:40:57 -0500
Processing by SubsController#index as HTML
  Rendering subs/index.html.erb within layouts/application
  [1m[36mSub Load (0.4ms)[0m  [1m[34mSELECT "subs".* FROM "subs"[0m
  ↳ app/views/subs/index.html.erb:4
  Rendered subs/index.html.erb within layouts/application (8.0ms)
  Rendered shared/_main_nav.html.erb (0.7ms)
Completed 200 OK in 44ms (Views: 32.8ms | ActiveRecord: 4.0ms)


Started GET "/subs/new" for ::1 at 2021-11-08 14:41:35 -0500
Processing by SubsController#new as HTML
Redirected to http://localhost:3000/session/new
Filter chain halted as :require_user! rendered or redirected
Completed 302 Found in 9ms (ActiveRecord: 0.0ms)


Started GET "/session/new" for ::1 at 2021-11-08 14:41:35 -0500
Processing by SessionsController#new as HTML
  Rendering sessions/new.html.erb within layouts/application
  Rendered sessions/new.html.erb within layouts/application (2.3ms)
  Rendered shared/_main_nav.html.erb (0.7ms)
Completed 200 OK in 36ms (Views: 33.9ms | ActiveRecord: 0.0ms)


Started GET "/" for ::1 at 2021-11-08 14:47:19 -0500
Started GET "/subs" for ::1 at 2021-11-08 14:47:19 -0500
Processing by SubsController#index as HTML
  Rendering subs/index.html.erb within layouts/application
  [1m[36mSub Load (1.1ms)[0m  [1m[34mSELECT "subs".* FROM "subs"[0m
  ↳ app/views/subs/index.html.erb:4
  Rendered subs/index.html.erb within layouts/application (7.9ms)
  Rendered shared/_main_nav.html.erb (233.2ms)
Completed 500 Internal Server Error in 277ms (ActiveRecord: 1.1ms)



NoMethodError - undefined method `logged_in?' for #<#<Class:0x00007f584578f178>:0x00007f5844c7d820>
Did you mean?  logger?:
  app/views/shared/_main_nav.html.erb:4:in `_app_views_shared__main_nav_html_erb__2429582546737141800_32040'
  app/views/layouts/application.html.erb:13:in `_app_views_layouts_application_html_erb___4534072571114158477_32020'
  app/controllers/subs_controller.rb:7:in `index'

Started POST "/__better_errors/2984b9342fe3ea96/variables" for ::1 at 2021-11-08 14:47:20 -0500
Started GET "/subs" for ::1 at 2021-11-08 14:52:58 -0500
Processing by SubsController#index as HTML
  Rendering subs/index.html.erb within layouts/application
  [1m[36mSub Load (0.9ms)[0m  [1m[34mSELECT "subs".* FROM "subs"[0m
  ↳ app/views/subs/index.html.erb:4
  Rendered subs/index.html.erb within layouts/application (22.4ms)
  Rendered shared/_main_nav.html.erb (1.1ms)
Completed 200 OK in 83ms (Views: 60.1ms | ActiveRecord: 13.1ms)


Started GET "/subs" for ::1 at 2021-11-08 14:56:58 -0500
Processing by SubsController#index as HTML
  Rendering subs/index.html.erb within layouts/application
  [1m[36mSub Load (2.1ms)[0m  [1m[34mSELECT "subs".* FROM "subs"[0m
  ↳ app/views/subs/index.html.erb:4
  Rendered subs/index.html.erb within layouts/application (4.9ms)
  Rendered shared/_main_nav.html.erb (2.9ms)
Completed 200 OK in 50ms (Views: 45.7ms | ActiveRecord: 2.1ms)


Started GET "/subs" for ::1 at 2021-11-08 15:00:53 -0500
Processing by SubsController#index as HTML
  Rendering subs/index.html.erb within layouts/application
  [1m[36mSub Load (0.8ms)[0m  [1m[34mSELECT "subs".* FROM "subs"[0m
  ↳ app/views/subs/index.html.erb:4
  Rendered subs/index.html.erb within layouts/application (3.6ms)
  Rendered shared/_main_nav.html.erb (1.0ms)
Completed 200 OK in 57ms (Views: 55.3ms | ActiveRecord: 0.8ms)


Started GET "/session/new" for ::1 at 2021-11-08 15:01:02 -0500
Processing by SessionsController#new as HTML
  Rendering sessions/new.html.erb within layouts/application
  Rendered sessions/new.html.erb within layouts/application (1.0ms)
  Rendered shared/_main_nav.html.erb (1.2ms)
Completed 200 OK in 31ms (Views: 30.1ms | ActiveRecord: 0.0ms)


Started GET "/users/new" for ::1 at 2021-11-08 15:01:09 -0500
Processing by UsersController#new as HTML
  [1m[36mUser Exists (2.8ms)[0m  [1m[34mSELECT  1 AS one FROM "users" WHERE "users"."session_token" = $1 LIMIT $2[0m  [["session_token", "s9aSmRvXJ-3fLtPIPWSimw"], ["LIMIT", 1]]
  ↳ app/models/user.rb:56
  [1m[36mUser Exists (1.1ms)[0m  [1m[34mSELECT  1 AS one FROM "users" WHERE "users"."activation_token" = $1 LIMIT $2[0m  [["activation_token", "bgZ935lsFKwMAdh3FfuoBQ"], ["LIMIT", 1]]
  ↳ app/models/user.rb:70
  Rendering users/new.html.erb within layouts/application
  Rendered users/new.html.erb within layouts/application (0.5ms)
  Rendered shared/_main_nav.html.erb (1.2ms)
Completed 200 OK in 77ms (Views: 28.9ms | ActiveRecord: 13.3ms)


Started GET "/" for ::1 at 2021-11-08 15:01:15 -0500
Started GET "/subs" for ::1 at 2021-11-08 15:01:15 -0500
Processing by SubsController#index as HTML
  Rendering subs/index.html.erb within layouts/application
  [1m[36mSub Load (1.6ms)[0m  [1m[34mSELECT "subs".* FROM "subs"[0m
  ↳ app/views/subs/index.html.erb:4
  Rendered subs/index.html.erb within layouts/application (11.5ms)
  Rendered shared/_main_nav.html.erb (0.9ms)
Completed 200 OK in 55ms (Views: 52.4ms | ActiveRecord: 1.6ms)


Started GET "/users/new" for ::1 at 2021-11-08 15:07:33 -0500
Processing by UsersController#new as HTML
  [1m[36mUser Exists (1.6ms)[0m  [1m[34mSELECT  1 AS one FROM "users" WHERE "users"."session_token" = $1 LIMIT $2[0m  [["session_token", "TZLyjw_gyRvWry4o5yLHuA"], ["LIMIT", 1]]
  ↳ app/models/user.rb:56
  [1m[36mUser Exists (0.7ms)[0m  [1m[34mSELECT  1 AS one FROM "users" WHERE "users"."activation_token" = $1 LIMIT $2[0m  [["activation_token", "6qhb8zA_LxvhGYRkLQ-cAA"], ["LIMIT", 1]]
  ↳ app/models/user.rb:70
  Rendering users/new.html.erb within layouts/application
  Rendered users/_form.html.erb (1.8ms)
  Rendered users/new.html.erb within layouts/application (5.3ms)
  Rendered shared/_main_nav.html.erb (1.4ms)
Completed 200 OK in 63ms (Views: 52.0ms | ActiveRecord: 2.3ms)


Started GET "/session/new" for ::1 at 2021-11-08 15:07:40 -0500
Processing by SessionsController#new as HTML
  Rendering sessions/new.html.erb within layouts/application
  Rendered sessions/new.html.erb within layouts/application (1.1ms)
  Rendered shared/_main_nav.html.erb (2.3ms)
Completed 200 OK in 67ms (Views: 66.2ms | ActiveRecord: 0.0ms)


Started GET "/users/new" for ::1 at 2021-11-08 15:07:42 -0500
Processing by UsersController#new as HTML
  [1m[36mUser Exists (5.4ms)[0m  [1m[34mSELECT  1 AS one FROM "users" WHERE "users"."session_token" = $1 LIMIT $2[0m  [["session_token", "mmCtyY7DTtB_djKFAOSGkg"], ["LIMIT", 1]]
  ↳ app/models/user.rb:56
  [1m[36mUser Exists (0.7ms)[0m  [1m[34mSELECT  1 AS one FROM "users" WHERE "users"."activation_token" = $1 LIMIT $2[0m  [["activation_token", "2c5ZJEB0-1zs4MoFswiJyw"], ["LIMIT", 1]]
  ↳ app/models/user.rb:70
  Rendering users/new.html.erb within layouts/application
  Rendered users/_form.html.erb (1.7ms)
  Rendered users/new.html.erb within layouts/application (8.4ms)
  Rendered shared/_main_nav.html.erb (1.2ms)
Completed 200 OK in 81ms (Views: 64.4ms | ActiveRecord: 6.0ms)


Started GET "/session/new" for ::1 at 2021-11-08 15:07:43 -0500
Processing by SessionsController#new as HTML
  Rendering sessions/new.html.erb within layouts/application
  Rendered sessions/new.html.erb within layouts/application (1.5ms)
  Rendered shared/_main_nav.html.erb (1.4ms)
Completed 200 OK in 62ms (Views: 61.2ms | ActiveRecord: 0.0ms)


Started GET "/session/new" for ::1 at 2021-11-08 15:08:09 -0500
Processing by SessionsController#new as HTML
  Rendering sessions/new.html.erb within layouts/application
  Rendered sessions/new.html.erb within layouts/application (5.7ms)
  Rendered shared/_main_nav.html.erb (2.7ms)
Completed 200 OK in 57ms (Views: 56.1ms | ActiveRecord: 0.0ms)


Started GET "/users/new" for ::1 at 2021-11-08 15:08:11 -0500
Processing by UsersController#new as HTML
  [1m[36mUser Exists (2.1ms)[0m  [1m[34mSELECT  1 AS one FROM "users" WHERE "users"."session_token" = $1 LIMIT $2[0m  [["session_token", "dGtdl4HBPB7nT9ZDZi4cVA"], ["LIMIT", 1]]
  ↳ app/models/user.rb:56
  [1m[36mUser Exists (1.3ms)[0m  [1m[34mSELECT  1 AS one FROM "users" WHERE "users"."activation_token" = $1 LIMIT $2[0m  [["activation_token", "fFZyYYJ0vWfYACgPTYW-ZA"], ["LIMIT", 1]]
  ↳ app/models/user.rb:70
  Rendering users/new.html.erb within layouts/application
  Rendered users/_form.html.erb (1.5ms)
  Rendered users/new.html.erb within layouts/application (6.3ms)
  Rendered shared/_main_nav.html.erb (2.6ms)
Completed 200 OK in 69ms (Views: 61.2ms | ActiveRecord: 3.4ms)


Started GET "/" for ::1 at 2021-11-08 15:08:13 -0500
Started GET "/subs" for ::1 at 2021-11-08 15:08:13 -0500
Processing by SubsController#index as HTML
  Rendering subs/index.html.erb within layouts/application
  [1m[36mSub Load (3.2ms)[0m  [1m[34mSELECT "subs".* FROM "subs"[0m
  ↳ app/views/subs/index.html.erb:4
  Rendered subs/index.html.erb within layouts/application (7.6ms)
  Rendered shared/_main_nav.html.erb (1.6ms)
Completed 200 OK in 45ms (Views: 40.4ms | ActiveRecord: 3.2ms)


