  [1m[35m (401.3ms)[0m  [1m[35mCREATE DATABASE "haris_ahmed_99_cats_development" ENCODING = 'unicode'[0m
  ↳ bin/rails:9
  [1m[35m (139.3ms)[0m  [1m[35mCREATE DATABASE "haris_ahmed_99_cats_test" ENCODING = 'unicode'[0m
  ↳ bin/rails:9
  [1m[35m (15.9ms)[0m  [1m[35mCREATE TABLE "schema_migrations" ("version" character varying NOT NULL PRIMARY KEY)[0m
  ↳ bin/rails:9
  [1m[35m (9.0ms)[0m  [1m[35mCREATE TABLE "ar_internal_metadata" ("key" character varying NOT NULL PRIMARY KEY, "value" character varying, "created_at" timestamp NOT NULL, "updated_at" timestamp NOT NULL)[0m
  ↳ bin/rails:9
  [1m[35m (0.6ms)[0m  [1m[34mSELECT pg_try_advisory_lock(4813683143778405750)[0m
  ↳ bin/rails:9
  [1m[35m (1.0ms)[0m  [1m[34mSELECT "schema_migrations"."version" FROM "schema_migrations" ORDER BY "schema_migrations"."version" ASC[0m
  ↳ bin/rails:9
Migrating to CreateCats (20210730143538)
  [1m[35m (7.8ms)[0m  [1m[35mBEGIN[0m
  ↳ bin/rails:9
  [1m[35m (11.7ms)[0m  [1m[35mCREATE TABLE "cats" ("id" bigserial primary key, "name" character varying NOT NULL, "birth_date" date NOT NULL, "color" character varying NOT NULL, "sex" character varying(1) NOT NULL, "description" text NOT NULL, "created_at" timestamp NOT NULL, "updated_at" timestamp NOT NULL)[0m
  ↳ db/migrate/20210730143538_create_cats.rb:3
  [1m[36mActiveRecord::SchemaMigration Create (1.9ms)[0m  [1m[32mINSERT INTO "schema_migrations" ("version") VALUES ($1) RETURNING "version"[0m  [["version", "20210730143538"]]
  ↳ bin/rails:9
  [1m[35m (2.2ms)[0m  [1m[35mCOMMIT[0m
  ↳ bin/rails:9
  [1m[36mActiveRecord::InternalMetadata Load (0.7ms)[0m  [1m[34mSELECT  "ar_internal_metadata".* FROM "ar_internal_metadata" WHERE "ar_internal_metadata"."key" = $1 LIMIT $2[0m  [["key", "environment"], ["LIMIT", 1]]
  ↳ bin/rails:9
  [1m[35m (0.2ms)[0m  [1m[35mBEGIN[0m
  ↳ bin/rails:9
  [1m[36mActiveRecord::InternalMetadata Create (0.8ms)[0m  [1m[32mINSERT INTO "ar_internal_metadata" ("key", "value", "created_at", "updated_at") VALUES ($1, $2, $3, $4) RETURNING "key"[0m  [["key", "environment"], ["value", "development"], ["created_at", "2021-07-30 14:40:45.857480"], ["updated_at", "2021-07-30 14:40:45.857480"]]
  ↳ bin/rails:9
  [1m[35m (1.5ms)[0m  [1m[35mCOMMIT[0m
  ↳ bin/rails:9
  [1m[35m (0.6ms)[0m  [1m[34mSELECT pg_advisory_unlock(4813683143778405750)[0m
  ↳ bin/rails:9
  [1m[35m (0.7ms)[0m  [1m[34mSELECT "schema_migrations"."version" FROM "schema_migrations" ORDER BY "schema_migrations"."version" ASC[0m
  ↳ bin/rails:9
  [1m[35m (2.3ms)[0m  [1m[34mSELECT "schema_migrations"."version" FROM "schema_migrations" ORDER BY "schema_migrations"."version" ASC[0m
  ↳ /home/hahmed1523/.rbenv/versions/2.7.1/bin/annotate:23
  [1m[36mCat Load (1.5ms)[0m  [1m[34mSELECT "cats".* FROM "cats"[0m
  [1m[35m (0.2ms)[0m  [1m[35mBEGIN[0m
  [1m[35m (4.9ms)[0m  [1m[31mROLLBACK[0m
  [1m[35m (0.2ms)[0m  [1m[35mBEGIN[0m
  [1m[35m (0.5ms)[0m  [1m[31mROLLBACK[0m
  [1m[35m (0.2ms)[0m  [1m[35mBEGIN[0m
  [1m[36mCat Create (3.0ms)[0m  [1m[32mINSERT INTO "cats" ("name", "birth_date", "color", "sex", "description", "created_at", "updated_at") VALUES ($1, $2, $3, $4, $5, $6, $7) RETURNING "id"[0m  [["name", "cat1"], ["birth_date", "2015-01-20"], ["color", "gray"], ["sex", "M"], ["description", "A test cat"], ["created_at", "2021-08-02 14:39:37.197066"], ["updated_at", "2021-08-02 14:39:37.197066"]]
  [1m[35m (1.5ms)[0m  [1m[35mCOMMIT[0m
  [1m[35m (0.2ms)[0m  [1m[35mBEGIN[0m
  [1m[36mCat Create (0.5ms)[0m  [1m[32mINSERT INTO "cats" ("name", "birth_date", "color", "sex", "description", "created_at", "updated_at") VALUES ($1, $2, $3, $4, $5, $6, $7) RETURNING "id"[0m  [["name", "cat2"], ["birth_date", "2016-01-01"], ["color", "black"], ["sex", "F"], ["description", "A test cat"], ["created_at", "2021-08-02 14:40:56.636814"], ["updated_at", "2021-08-02 14:40:56.636814"]]
  [1m[35m (2.0ms)[0m  [1m[35mCOMMIT[0m
  [1m[36mCat Load (0.7ms)[0m  [1m[34mSELECT "cats".* FROM "cats"[0m
  [1m[36mCat Load (0.4ms)[0m  [1m[34mSELECT  "cats".* FROM "cats" ORDER BY "cats"."id" ASC LIMIT $1[0m  [["LIMIT", 1]]
  [1m[36mCat Load (0.6ms)[0m  [1m[34mSELECT  "cats".* FROM "cats" ORDER BY "cats"."id" ASC LIMIT $1[0m  [["LIMIT", 1]]
  [1m[36mCat Load (0.7ms)[0m  [1m[34mSELECT  "cats".* FROM "cats" ORDER BY "cats"."id" ASC LIMIT $1[0m  [["LIMIT", 1]]
Started GET "/cats" for ::1 at 2021-08-02 11:04:46 -0400
  [1m[35m (1.3ms)[0m  [1m[34mSELECT "schema_migrations"."version" FROM "schema_migrations" ORDER BY "schema_migrations"."version" ASC[0m
  ↳ /home/hahmed1523/.rbenv/versions/2.7.1/lib/ruby/gems/2.7.0/gems/activerecord-5.2.6/lib/active_record/log_subscriber.rb:98
Processing by CatsController#index as */*
  [1m[36mCat Load (2.9ms)[0m  [1m[34mSELECT "cats".* FROM "cats"[0m
  ↳ app/controllers/cats_controller.rb:3
Completed 200 OK in 49ms (Views: 19.9ms | ActiveRecord: 10.1ms)


Started GET "/cats" for ::1 at 2021-08-02 11:08:53 -0400
Processing by CatsController#index as */*
  Rendering cats/index.html.erb within layouts/application
  Rendered cats/index.html.erb within layouts/application (6.0ms)
Completed 200 OK in 619ms (Views: 617.5ms | ActiveRecord: 0.0ms)


Started GET "/cats" for ::1 at 2021-08-02 11:32:01 -0400
  [1m[35m (1.2ms)[0m  [1m[34mSELECT "schema_migrations"."version" FROM "schema_migrations" ORDER BY "schema_migrations"."version" ASC[0m
  ↳ /home/hahmed1523/.rbenv/versions/2.7.1/lib/ruby/gems/2.7.0/gems/activerecord-5.2.6/lib/active_record/log_subscriber.rb:98
Processing by CatsController#index as */*
  Rendering cats/index.html.erb within layouts/application
  Rendered cats/index.html.erb within layouts/application (1.6ms)
Completed 200 OK in 487ms (Views: 477.3ms | ActiveRecord: 0.0ms)


Started GET "/cats" for ::1 at 2021-08-02 11:59:26 -0400
  [1m[35m (1.4ms)[0m  [1m[34mSELECT "schema_migrations"."version" FROM "schema_migrations" ORDER BY "schema_migrations"."version" ASC[0m
  ↳ /home/hahmed1523/.rbenv/versions/2.7.1/lib/ruby/gems/2.7.0/gems/activerecord-5.2.6/lib/active_record/log_subscriber.rb:98
Processing by CatsController#index as */*
  Rendering cats/index.html.erb within layouts/application
  Rendered cats/index.html.erb within layouts/application (1.3ms)
Completed 200 OK in 570ms (Views: 555.8ms | ActiveRecord: 0.0ms)


Started GET "/cats" for ::1 at 2021-08-02 12:01:24 -0400
Processing by CatsController#index as */*
  Rendering cats/index.html.erb within layouts/application
  [1m[36mCat Load (1.7ms)[0m  [1m[34mSELECT "cats".* FROM "cats"[0m
  ↳ app/views/cats/index.html.erb:4
  Rendered cats/index.html.erb within layouts/application (59.5ms)
Completed 500 Internal Server Error in 70ms (ActiveRecord: 11.0ms)



ArgumentError - wrong number of arguments (given 1, expected 0):
  app/views/cats/index.html.erb:5:in `block in _app_views_cats_index_html_erb__124312069091048553_12940'
  app/views/cats/index.html.erb:4:in `_app_views_cats_index_html_erb__124312069091048553_12940'
  app/controllers/cats_controller.rb:6:in `index'

Started GET "/cats" for ::1 at 2021-08-02 12:01:41 -0400
Processing by CatsController#index as */*
  Rendering cats/index.html.erb within layouts/application
  [1m[36mCat Load (1.3ms)[0m  [1m[34mSELECT "cats".* FROM "cats"[0m
  ↳ app/views/cats/index.html.erb:4
  Rendered cats/index.html.erb within layouts/application (8.0ms)
Completed 200 OK in 60ms (Views: 57.8ms | ActiveRecord: 1.3ms)


Started GET "/cats" for ::1 at 2021-08-02 12:03:19 -0400
Processing by CatsController#index as */*
  Rendering cats/index.html.erb within layouts/application
  [1m[36mCat Load (0.8ms)[0m  [1m[34mSELECT "cats".* FROM "cats"[0m
  ↳ app/views/cats/index.html.erb:4
  Rendered cats/index.html.erb within layouts/application (3.5ms)
Completed 200 OK in 50ms (Views: 48.6ms | ActiveRecord: 0.8ms)


Started GET "/cats" for ::1 at 2021-08-02 12:04:36 -0400
Processing by CatsController#index as */*
  Rendering cats/index.html.erb within layouts/application
  [1m[36mCat Load (0.9ms)[0m  [1m[34mSELECT "cats".* FROM "cats"[0m
  ↳ app/views/cats/index.html.erb:4
  Rendered cats/index.html.erb within layouts/application (7.5ms)
Completed 200 OK in 55ms (Views: 53.2ms | ActiveRecord: 0.9ms)


Started GET "/cats" for ::1 at 2021-08-02 12:07:20 -0400
Processing by CatsController#index as */*
  Rendering cats/index.html.erb within layouts/application
  [1m[36mCat Load (0.6ms)[0m  [1m[34mSELECT "cats".* FROM "cats"[0m
  ↳ app/views/cats/index.html.erb:4
  Rendered cats/index.html.erb within layouts/application (3.8ms)
Completed 200 OK in 49ms (Views: 48.0ms | ActiveRecord: 0.6ms)


Started GET "/cats" for ::1 at 2021-08-02 12:08:20 -0400
Processing by CatsController#index as */*
  Rendering cats/index.html.erb within layouts/application
  [1m[36mCat Load (2.2ms)[0m  [1m[34mSELECT "cats".* FROM "cats"[0m
  ↳ app/views/cats/index.html.erb:4
  Rendered cats/index.html.erb within layouts/application (5.9ms)
Completed 200 OK in 63ms (Views: 59.5ms | ActiveRecord: 2.2ms)


Started GET "/cats" for ::1 at 2021-08-02 12:12:05 -0400
Processing by CatsController#index as */*
  Rendering cats/index.html.erb within layouts/application
  [1m[36mCat Load (0.5ms)[0m  [1m[34mSELECT "cats".* FROM "cats"[0m
  ↳ app/views/cats/index.html.erb:4
  Rendered cats/index.html.erb within layouts/application (30.1ms)
Completed 200 OK in 89ms (Views: 77.3ms | ActiveRecord: 6.2ms)


Started GET "/cats/1" for ::1 at 2021-08-02 12:12:16 -0400
Processing by CatsController#show as */*
  Parameters: {"id"=>"1"}
  [1m[36mCat Load (0.9ms)[0m  [1m[34mSELECT  "cats".* FROM "cats" WHERE "cats"."id" = $1 LIMIT $2[0m  [["id", 1], ["LIMIT", 1]]
  ↳ app/controllers/cats_controller.rb:10
  Rendering cats/show.html.erb within layouts/application
  Rendered cats/show.html.erb within layouts/application (1.1ms)
Completed 200 OK in 59ms (Views: 51.5ms | ActiveRecord: 1.3ms)


Started GET "/cats" for ::1 at 2021-08-02 12:12:34 -0400
Processing by CatsController#index as */*
  Rendering cats/index.html.erb within layouts/application
  [1m[36mCat Load (1.0ms)[0m  [1m[34mSELECT "cats".* FROM "cats"[0m
  ↳ app/views/cats/index.html.erb:4
  Rendered cats/index.html.erb within layouts/application (4.9ms)
Completed 200 OK in 82ms (Views: 80.3ms | ActiveRecord: 1.0ms)


Started GET "/cats" for ::1 at 2021-08-02 12:13:05 -0400
Processing by CatsController#index as */*
  Rendering cats/index.html.erb within layouts/application
  [1m[36mCat Load (2.5ms)[0m  [1m[34mSELECT "cats".* FROM "cats"[0m
  ↳ app/views/cats/index.html.erb:4
  Rendered cats/index.html.erb within layouts/application (6.3ms)
Completed 200 OK in 68ms (Views: 64.9ms | ActiveRecord: 2.5ms)


Started GET "/cats" for ::1 at 2021-08-02 12:13:10 -0400
Processing by CatsController#index as */*
  Rendering cats/index.html.erb within layouts/application
  [1m[36mCat Load (0.9ms)[0m  [1m[34mSELECT "cats".* FROM "cats"[0m
  ↳ app/views/cats/index.html.erb:4
  Rendered cats/index.html.erb within layouts/application (5.0ms)
Completed 200 OK in 58ms (Views: 56.5ms | ActiveRecord: 0.9ms)


Started GET "/cats" for ::1 at 2021-08-02 12:13:29 -0400
Processing by CatsController#index as */*
  Rendering cats/index.html.erb within layouts/application
  [1m[36mCat Load (1.6ms)[0m  [1m[34mSELECT "cats".* FROM "cats"[0m
  ↳ app/views/cats/index.html.erb:4
  Rendered cats/index.html.erb within layouts/application (9.1ms)
Completed 200 OK in 77ms (Views: 74.3ms | ActiveRecord: 1.6ms)


Started GET "/cats/1" for ::1 at 2021-08-02 12:13:44 -0400
Processing by CatsController#show as */*
  Parameters: {"id"=>"1"}
  [1m[36mCat Load (0.6ms)[0m  [1m[34mSELECT  "cats".* FROM "cats" WHERE "cats"."id" = $1 LIMIT $2[0m  [["id", 1], ["LIMIT", 1]]
  ↳ app/controllers/cats_controller.rb:10
  Rendering cats/show.html.erb within layouts/application
  Rendered cats/show.html.erb within layouts/application (2.8ms)
Completed 200 OK in 69ms (Views: 65.9ms | ActiveRecord: 0.6ms)


Started GET "/cats" for ::1 at 2021-08-02 12:14:38 -0400
Processing by CatsController#index as */*
  Rendering cats/index.html.erb within layouts/application
  [1m[36mCat Load (3.0ms)[0m  [1m[34mSELECT "cats".* FROM "cats"[0m
  ↳ app/views/cats/index.html.erb:4
  Rendered cats/index.html.erb within layouts/application (12.6ms)
Completed 200 OK in 106ms (Views: 102.5ms | ActiveRecord: 3.0ms)


Started GET "/cats" for ::1 at 2021-08-02 12:15:37 -0400
Processing by CatsController#index as */*
  Rendering cats/index.html.erb within layouts/application
  [1m[36mCat Load (0.6ms)[0m  [1m[34mSELECT "cats".* FROM "cats"[0m
  ↳ app/views/cats/index.html.erb:4
  Rendered cats/index.html.erb within layouts/application (17.9ms)
Completed 500 Internal Server Error in 31ms (ActiveRecord: 0.6ms)



NoMethodError - undefined method `id' for nil:NilClass:
  app/views/cats/index.html.erb:5:in `block in _app_views_cats_index_html_erb__124312069091048553_16740'
  app/views/cats/index.html.erb:4:in `_app_views_cats_index_html_erb__124312069091048553_16740'
  app/controllers/cats_controller.rb:6:in `index'

Started GET "/cats" for ::1 at 2021-08-02 12:16:33 -0400
Processing by CatsController#index as */*
  Rendering cats/index.html.erb within layouts/application
  [1m[36mCat Load (0.5ms)[0m  [1m[34mSELECT "cats".* FROM "cats"[0m
  ↳ app/views/cats/index.html.erb:4
  Rendered cats/index.html.erb within layouts/application (21.1ms)
Completed 500 Internal Server Error in 36ms (ActiveRecord: 0.5ms)



ActionController::UrlGenerationError - No route matches {:action=>"show", :controller=>"cats"}, missing required keys: [:id]:
  app/views/cats/index.html.erb:5:in `block in _app_views_cats_index_html_erb__124312069091048553_16820'
  app/views/cats/index.html.erb:4:in `_app_views_cats_index_html_erb__124312069091048553_16820'
  app/controllers/cats_controller.rb:6:in `index'

Started GET "/cats" for ::1 at 2021-08-02 12:16:55 -0400
Processing by CatsController#index as */*
  Rendering cats/index.html.erb within layouts/application
  [1m[36mCat Load (2.8ms)[0m  [1m[34mSELECT "cats".* FROM "cats"[0m
  ↳ app/views/cats/index.html.erb:4
  Rendered cats/index.html.erb within layouts/application (6.3ms)
Completed 200 OK in 59ms (Views: 55.3ms | ActiveRecord: 2.8ms)


Started GET "/cats" for ::1 at 2021-08-02 12:17:12 -0400
Processing by CatsController#index as */*
  Rendering cats/index.html.erb within layouts/application
  [1m[36mCat Load (1.2ms)[0m  [1m[34mSELECT "cats".* FROM "cats"[0m
  ↳ app/views/cats/index.html.erb:4
  Rendered cats/index.html.erb within layouts/application (12.1ms)
Completed 200 OK in 71ms (Views: 68.5ms | ActiveRecord: 1.2ms)


Started GET "/cats" for ::1 at 2021-08-02 12:17:58 -0400
Processing by CatsController#index as */*
  Rendering cats/index.html.erb within layouts/application
  [1m[36mCat Load (0.5ms)[0m  [1m[34mSELECT "cats".* FROM "cats"[0m
  ↳ app/views/cats/index.html.erb:4
  Rendered cats/index.html.erb within layouts/application (5.2ms)
Completed 200 OK in 66ms (Views: 64.1ms | ActiveRecord: 0.5ms)


Started GET "/cats" for ::1 at 2021-08-02 12:18:04 -0400
Processing by CatsController#index as */*
  Rendering cats/index.html.erb within layouts/application
  [1m[36mCat Load (0.9ms)[0m  [1m[34mSELECT "cats".* FROM "cats"[0m
  ↳ app/views/cats/index.html.erb:4
  Rendered cats/index.html.erb within layouts/application (7.0ms)
Completed 200 OK in 69ms (Views: 66.9ms | ActiveRecord: 0.9ms)


Started GET "/cats" for ::1 at 2021-08-02 12:18:18 -0400
Processing by CatsController#index as HTML
  Rendering cats/index.html.erb within layouts/application
  [1m[36mCat Load (0.8ms)[0m  [1m[34mSELECT "cats".* FROM "cats"[0m
  ↳ app/views/cats/index.html.erb:4
  Rendered cats/index.html.erb within layouts/application (4.8ms)
Completed 200 OK in 65ms (Views: 64.0ms | ActiveRecord: 0.8ms)


Started GET "/cats/1" for ::1 at 2021-08-02 12:18:21 -0400
Processing by CatsController#show as HTML
  Parameters: {"id"=>"1"}
  [1m[36mCat Load (1.0ms)[0m  [1m[34mSELECT  "cats".* FROM "cats" WHERE "cats"."id" = $1 LIMIT $2[0m  [["id", 1], ["LIMIT", 1]]
  ↳ app/controllers/cats_controller.rb:10
  Rendering cats/show.html.erb within layouts/application
  Rendered cats/show.html.erb within layouts/application (1.6ms)
Completed 200 OK in 48ms (Views: 41.2ms | ActiveRecord: 1.5ms)


Started GET "/cats/2" for ::1 at 2021-08-02 12:18:25 -0400
Processing by CatsController#show as HTML
  Parameters: {"id"=>"2"}
  [1m[36mCat Load (0.9ms)[0m  [1m[34mSELECT  "cats".* FROM "cats" WHERE "cats"."id" = $1 LIMIT $2[0m  [["id", 2], ["LIMIT", 1]]
  ↳ app/controllers/cats_controller.rb:10
  Rendering cats/show.html.erb within layouts/application
  Rendered cats/show.html.erb within layouts/application (0.9ms)
Completed 200 OK in 36ms (Views: 32.6ms | ActiveRecord: 0.9ms)


Started GET "/cats" for ::1 at 2021-08-02 12:19:02 -0400
Processing by CatsController#index as HTML
  Rendering cats/index.html.erb within layouts/application
  [1m[36mCat Load (0.5ms)[0m  [1m[34mSELECT "cats".* FROM "cats"[0m
  ↳ app/views/cats/index.html.erb:4
  Rendered cats/index.html.erb within layouts/application (7.4ms)
Completed 200 OK in 62ms (Views: 60.9ms | ActiveRecord: 0.5ms)


Started GET "/cats/1" for ::1 at 2021-08-02 12:19:05 -0400
Processing by CatsController#show as HTML
  Parameters: {"id"=>"1"}
  [1m[36mCat Load (2.0ms)[0m  [1m[34mSELECT  "cats".* FROM "cats" WHERE "cats"."id" = $1 LIMIT $2[0m  [["id", 1], ["LIMIT", 1]]
  ↳ app/controllers/cats_controller.rb:10
  Rendering cats/show.html.erb within layouts/application
  Rendered cats/show.html.erb within layouts/application (1.6ms)
Completed 200 OK in 59ms (Views: 54.6ms | ActiveRecord: 2.0ms)


