  [1m[35m (379.6ms)[0m  [1m[35mCREATE DATABASE "haris_ahmed_goal_tracker_development" ENCODING = 'unicode'[0m
  ↳ bin/rails:9
  [1m[35m (131.2ms)[0m  [1m[35mCREATE DATABASE "haris_ahmed_goal_tracker_test" ENCODING = 'unicode'[0m
  ↳ bin/rails:9
  [1m[35m (17.4ms)[0m  [1m[35mCREATE TABLE "schema_migrations" ("version" character varying NOT NULL PRIMARY KEY)[0m
  ↳ bin/rails:9
  [1m[35m (13.6ms)[0m  [1m[35mCREATE TABLE "ar_internal_metadata" ("key" character varying NOT NULL PRIMARY KEY, "value" character varying, "created_at" timestamp NOT NULL, "updated_at" timestamp NOT NULL)[0m
  ↳ bin/rails:9
  [1m[35m (0.5ms)[0m  [1m[34mSELECT pg_try_advisory_lock(1999067458209179295)[0m
  ↳ bin/rails:9
  [1m[35m (2.9ms)[0m  [1m[34mSELECT "schema_migrations"."version" FROM "schema_migrations" ORDER BY "schema_migrations"."version" ASC[0m
  ↳ bin/rails:9
Migrating to CreateUsers (20210927151447)
  [1m[35m (3.4ms)[0m  [1m[35mBEGIN[0m
  ↳ bin/rails:9
  [1m[35m (13.5ms)[0m  [1m[35mCREATE TABLE "users" ("id" bigserial primary key, "email" character varying NOT NULL, "password_digest" character varying NOT NULL, "session_token" character varying NOT NULL, "admin" boolean DEFAULT FALSE NOT NULL, "activated" boolean DEFAULT FALSE NOT NULL, "activation_token" character varying NOT NULL, "created_at" timestamp NOT NULL, "updated_at" timestamp NOT NULL)[0m
  ↳ db/migrate/20210927151447_create_users.rb:3
  [1m[35m (3.8ms)[0m  [1m[35mCREATE  INDEX  "index_users_on_email" ON "users"  ("email")[0m
  ↳ db/migrate/20210927151447_create_users.rb:14
  [1m[35m (3.3ms)[0m  [1m[35mCREATE UNIQUE INDEX  "index_users_on_session_token" ON "users"  ("session_token")[0m
  ↳ db/migrate/20210927151447_create_users.rb:15
  [1m[35m (3.3ms)[0m  [1m[35mCREATE UNIQUE INDEX  "index_users_on_activation_token" ON "users"  ("activation_token")[0m
  ↳ db/migrate/20210927151447_create_users.rb:16
  [1m[36mActiveRecord::SchemaMigration Create (0.8ms)[0m  [1m[32mINSERT INTO "schema_migrations" ("version") VALUES ($1) RETURNING "version"[0m  [["version", "20210927151447"]]
  ↳ bin/rails:9
  [1m[35m (2.0ms)[0m  [1m[35mCOMMIT[0m
  ↳ bin/rails:9
  [1m[36mActiveRecord::InternalMetadata Load (0.7ms)[0m  [1m[34mSELECT  "ar_internal_metadata".* FROM "ar_internal_metadata" WHERE "ar_internal_metadata"."key" = $1 LIMIT $2[0m  [["key", "environment"], ["LIMIT", 1]]
  ↳ bin/rails:9
  [1m[35m (0.2ms)[0m  [1m[35mBEGIN[0m
  ↳ bin/rails:9
  [1m[36mActiveRecord::InternalMetadata Create (0.9ms)[0m  [1m[32mINSERT INTO "ar_internal_metadata" ("key", "value", "created_at", "updated_at") VALUES ($1, $2, $3, $4) RETURNING "key"[0m  [["key", "environment"], ["value", "development"], ["created_at", "2021-09-27 15:28:00.864473"], ["updated_at", "2021-09-27 15:28:00.864473"]]
  ↳ bin/rails:9
  [1m[35m (1.4ms)[0m  [1m[35mCOMMIT[0m
  ↳ bin/rails:9
  [1m[35m (0.5ms)[0m  [1m[34mSELECT pg_advisory_unlock(1999067458209179295)[0m
  ↳ bin/rails:9
  [1m[35m (0.8ms)[0m  [1m[34mSELECT "schema_migrations"."version" FROM "schema_migrations" ORDER BY "schema_migrations"."version" ASC[0m
  ↳ bin/rails:9
  [1m[35m (1.2ms)[0m  [1m[34mSELECT "schema_migrations"."version" FROM "schema_migrations" ORDER BY "schema_migrations"."version" ASC[0m
  ↳ bin/rails:9
  [1m[35m (1.2ms)[0m  [1m[34mSELECT "schema_migrations"."version" FROM "schema_migrations" ORDER BY "schema_migrations"."version" ASC[0m
  ↳ /home/hahmed1523/.rbenv/versions/2.7.1/bin/annotate:23
  [1m[36mUser Load (5.7ms)[0m  [1m[34mSELECT "users".* FROM "users"[0m
  [1m[36mUser Load (5.5ms)[0m  [1m[34mSELECT "users".* FROM "users"[0m
  [1m[36mUser Load (1.2ms)[0m  [1m[34mSELECT "users".* FROM "users"[0m
Started GET "/" for ::1 at 2021-10-01 11:56:40 -0400
  [1m[35m (3.4ms)[0m  [1m[34mSELECT "schema_migrations"."version" FROM "schema_migrations" ORDER BY "schema_migrations"."version" ASC[0m
  ↳ /home/hahmed1523/.rbenv/versions/2.7.1/lib/ruby/gems/2.7.0/gems/activerecord-5.2.6/lib/active_record/log_subscriber.rb:98
Processing by Rails::WelcomeController#index as HTML
  Rendering /home/hahmed1523/.rbenv/versions/2.7.1/lib/ruby/gems/2.7.0/gems/railties-5.2.6/lib/rails/templates/rails/welcome/index.html.erb
  Rendered /home/hahmed1523/.rbenv/versions/2.7.1/lib/ruby/gems/2.7.0/gems/railties-5.2.6/lib/rails/templates/rails/welcome/index.html.erb (6.4ms)
Completed 200 OK in 26ms (Views: 9.9ms | ActiveRecord: 0.0ms)


Started GET "/users" for ::1 at 2021-10-01 11:57:24 -0400
Processing by UsersController#index as */*
  Rendering users/index.html.erb within layouts/application
  Rendered users/index.html.erb within layouts/application (0.8ms)
Completed 200 OK in 914ms (Views: 900.9ms | ActiveRecord: 0.0ms)


Started POST "/users?user[email]=post_test&user[password]=[FILTERED]" for ::1 at 2021-10-01 11:58:58 -0400
Processing by UsersController#create as */*
  Parameters: {"user"=>{"email"=>"post_test", "password"=>"[FILTERED]"}}
Can't verify CSRF token authenticity.
Completed 422 Unprocessable Entity in 1ms (ActiveRecord: 0.0ms)



ActionController::InvalidAuthenticityToken - ActionController::InvalidAuthenticityToken:

Started GET "/users" for ::1 at 2021-10-01 12:08:15 -0400
  [1m[35m (1.4ms)[0m  [1m[34mSELECT "schema_migrations"."version" FROM "schema_migrations" ORDER BY "schema_migrations"."version" ASC[0m
  ↳ /home/hahmed1523/.rbenv/versions/2.7.1/lib/ruby/gems/2.7.0/gems/activerecord-5.2.6/lib/active_record/log_subscriber.rb:98
Processing by UsersController#index as */*
  Rendering users/index.html.erb within layouts/application
  Rendered users/index.html.erb within layouts/application (3.2ms)
Completed 200 OK in 596ms (Views: 578.3ms | ActiveRecord: 0.0ms)


Started POST "/users?user[email]=post_test&user[password]=[FILTERED]" for ::1 at 2021-10-01 12:09:09 -0400
Processing by UsersController#create as */*
  Parameters: {"user"=>{"email"=>"post_test", "password"=>"[FILTERED]"}}
  [1m[35m (0.3ms)[0m  [1m[35mBEGIN[0m
  ↳ app/controllers/users_controller.rb:12
  [1m[36mUser Exists (8.4ms)[0m  [1m[34mSELECT  1 AS one FROM "users" WHERE "users"."email" = $1 LIMIT $2[0m  [["email", "post_test"], ["LIMIT", 1]]
  ↳ app/controllers/users_controller.rb:12
  [1m[36mUser Exists (1.1ms)[0m  [1m[34mSELECT  1 AS one FROM "users" WHERE "users"."session_token" = $1 LIMIT $2[0m  [["session_token", "8jG0VpXezORiVXtWRBoCSQ"], ["LIMIT", 1]]
  ↳ app/controllers/users_controller.rb:12
  [1m[36mUser Exists (0.6ms)[0m  [1m[34mSELECT  1 AS one FROM "users" WHERE "users"."activation_token" IS NULL LIMIT $1[0m  [["LIMIT", 1]]
  ↳ app/controllers/users_controller.rb:12
  [1m[35m (0.4ms)[0m  [1m[31mROLLBACK[0m
  ↳ app/controllers/users_controller.rb:12
Completed 422 Unprocessable Entity in 424ms (Views: 0.5ms | ActiveRecord: 34.8ms)


Started GET "/users" for ::1 at 2021-10-01 12:18:40 -0400
  [1m[35m (1.4ms)[0m  [1m[34mSELECT "schema_migrations"."version" FROM "schema_migrations" ORDER BY "schema_migrations"."version" ASC[0m
  ↳ /home/hahmed1523/.rbenv/versions/2.7.1/lib/ruby/gems/2.7.0/gems/activerecord-5.2.6/lib/active_record/log_subscriber.rb:98
Processing by UsersController#index as */*
  Rendering users/index.html.erb within layouts/application
  Rendered users/index.html.erb within layouts/application (1.3ms)
Completed 200 OK in 571ms (Views: 551.9ms | ActiveRecord: 0.0ms)


Started POST "/users?user[email]=post_test&user[password]=[FILTERED]" for ::1 at 2021-10-01 12:19:38 -0400
Processing by UsersController#create as */*
  Parameters: {"user"=>{"email"=>"post_test", "password"=>"[FILTERED]"}}
Completed 500 Internal Server Error in 361ms (ActiveRecord: 6.8ms)



NoMethodError - undefined method `exists?' for Class:Class:
  app/models/user.rb:55:in `generate_unique_activation_token'
  app/models/user.rb:71:in `set_activation_token'
  app/controllers/users_controller.rb:10:in `create'

Started POST "/users?user[email]=post_test&user[password]=[FILTERED]" for ::1 at 2021-10-01 12:20:34 -0400
Processing by UsersController#create as */*
  Parameters: {"user"=>{"email"=>"post_test", "password"=>"[FILTERED]"}}
  [1m[36mUser Exists (1.1ms)[0m  [1m[34mSELECT  1 AS one FROM "users" WHERE "users"."activation_token" = $1 LIMIT $2[0m  [["activation_token", "-qO_2jE3-hSUAbSWJNxP4A"], ["LIMIT", 1]]
  ↳ app/models/user.rb:55
  [1m[35m (0.7ms)[0m  [1m[35mBEGIN[0m
  ↳ app/controllers/users_controller.rb:12
  [1m[36mUser Exists (0.6ms)[0m  [1m[34mSELECT  1 AS one FROM "users" WHERE "users"."email" = $1 LIMIT $2[0m  [["email", "post_test"], ["LIMIT", 1]]
  ↳ app/controllers/users_controller.rb:12
  [1m[36mUser Exists (0.6ms)[0m  [1m[34mSELECT  1 AS one FROM "users" WHERE "users"."session_token" = $1 LIMIT $2[0m  [["session_token", "-qTmL6IUsKGYqeZRnmcnng"], ["LIMIT", 1]]
  ↳ app/controllers/users_controller.rb:12
  [1m[36mCACHE User Exists (0.0ms)[0m  [1m[34mSELECT  1 AS one FROM "users" WHERE "users"."activation_token" = $1 LIMIT $2[0m  [["activation_token", "-qO_2jE3-hSUAbSWJNxP4A"], ["LIMIT", 1]]
  ↳ app/controllers/users_controller.rb:12
  [1m[36mUser Create (3.3ms)[0m  [1m[32mINSERT INTO "users" ("email", "password_digest", "session_token", "activation_token", "created_at", "updated_at") VALUES ($1, $2, $3, $4, $5, $6) RETURNING "id"[0m  [["email", "post_test"], ["password_digest", "$2a$12$otA9fCsdkCFqjVBou7o31.7mUWybn1b7uvgn52f2C8ST.CJ5qjZ1a"], ["session_token", "-qTmL6IUsKGYqeZRnmcnng"], ["activation_token", "-qO_2jE3-hSUAbSWJNxP4A"], ["created_at", "2021-10-01 16:20:35.146108"], ["updated_at", "2021-10-01 16:20:35.146108"]]
  ↳ app/controllers/users_controller.rb:12
  [1m[35m (1.4ms)[0m  [1m[35mCOMMIT[0m
  ↳ app/controllers/users_controller.rb:12
Completed 201 Created in 407ms (Views: 2.1ms | ActiveRecord: 13.5ms)


