Started GET "/" for ::1 at 2020-10-08 16:36:51 -0700
DEPRECATION WARNING: ActiveRecord::Base.raise_in_transactional_callbacks= is deprecated, has no effect and will be removed without replacement. (called from block (3 levels) in <class:Railtie> at /Users/carlosgarciajr/.rbenv/versions/2.5.1/lib/ruby/gems/2.5.0/gems/activerecord-5.0.7.2/lib/active_record/railtie.rb:113)
Processing by StaticPagesController#index as HTML
  Rendering static_pages/index.html.erb within layouts/application
  Rendered shared/_main_nav.html.erb (0.3ms)
  Rendered shared/_masthead.html.erb (0.2ms)
  Rendered shared/_sections_nav.html.erb (0.2ms)
  Rendered shared/_search_modal.html.erb (0.2ms)
  Rendered shared/_main_content.html.erb (0.2ms)
  Rendered static_pages/index.html.erb within layouts/application (15.2ms)
Completed 200 OK in 362ms (Views: 358.9ms | ActiveRecord: 0.0ms)


Started GET "/assets/application.self-5e5b219656abf8c4e83f7dfd5e5f4f415d8fe2348d16620303a4ed96d1b5a144.css?body=1" for ::1 at 2020-10-08 16:36:52 -0700
Started GET "/" for ::1 at 2020-10-08 16:36:53 -0700
Processing by StaticPagesController#index as HTML
  Rendering static_pages/index.html.erb within layouts/application
  Rendered shared/_main_nav.html.erb (0.2ms)
  Rendered shared/_masthead.html.erb (0.2ms)
  Rendered shared/_sections_nav.html.erb (0.2ms)
  Rendered shared/_search_modal.html.erb (0.2ms)
  Rendered shared/_main_content.html.erb (0.1ms)
  Rendered static_pages/index.html.erb within layouts/application (13.2ms)
Completed 200 OK in 29ms (Views: 26.9ms | ActiveRecord: 0.0ms)


Started GET "/" for ::1 at 2020-10-08 16:37:17 -0700
Processing by StaticPagesController#index as HTML
  Rendering static_pages/index.html.erb within layouts/application
  Rendered shared/_main_nav.html.erb (0.2ms)
  Rendered shared/_masthead.html.erb (0.2ms)
  Rendered shared/_sections_nav.html.erb (0.2ms)
  Rendered shared/_search_modal.html.erb (0.2ms)
  Rendered shared/_main_content.html.erb (0.2ms)
  Rendered static_pages/index.html.erb within layouts/application (14.6ms)
Completed 200 OK in 35ms (Views: 31.8ms | ActiveRecord: 0.0ms)


Started GET "/" for ::1 at 2020-10-08 16:37:20 -0700
Processing by StaticPagesController#index as HTML
  Rendering static_pages/index.html.erb within layouts/application
  Rendered shared/_main_nav.html.erb (0.2ms)
  Rendered shared/_masthead.html.erb (0.2ms)
  Rendered shared/_sections_nav.html.erb (0.2ms)
  Rendered shared/_search_modal.html.erb (0.2ms)
  Rendered shared/_main_content.html.erb (0.2ms)
  Rendered static_pages/index.html.erb within layouts/application (12.8ms)
Completed 200 OK in 30ms (Views: 27.7ms | ActiveRecord: 0.0ms)


Started GET "/" for ::1 at 2020-10-09 09:59:50 -0700
DEPRECATION WARNING: ActiveRecord::Base.raise_in_transactional_callbacks= is deprecated, has no effect and will be removed without replacement. (called from block (3 levels) in <class:Railtie> at /Users/carlosgarciajr/.rbenv/versions/2.5.1/lib/ruby/gems/2.5.0/gems/activerecord-5.0.7.2/lib/active_record/railtie.rb:113)
Processing by StaticPagesController#index as HTML
  Rendering static_pages/index.html.erb within layouts/application
  Rendered shared/_main_nav.html.erb (0.3ms)
  Rendered shared/_masthead.html.erb (0.2ms)
  Rendered shared/_sections_nav.html.erb (0.2ms)
  Rendered shared/_search_modal.html.erb (0.2ms)
  Rendered shared/_main_content.html.erb (0.2ms)
  Rendered static_pages/index.html.erb within layouts/application (15.4ms)
Completed 200 OK in 353ms (Views: 350.1ms | ActiveRecord: 0.0ms)


Started GET "/assets/application.self-7aae4f884d21c0f895d0e25909b4a3857ca3f7bdd4412baf28bf32a8b1f558b1.css?body=1" for ::1 at 2020-10-09 09:59:51 -0700
Started GET "/" for ::1 at 2020-10-09 10:00:16 -0700
Processing by StaticPagesController#index as HTML
  Rendering static_pages/index.html.erb within layouts/application
  Rendered shared/_main_nav.html.erb (0.2ms)
  Rendered shared/_masthead.html.erb (0.2ms)
  Rendered shared/_sections_nav.html.erb (0.1ms)
  Rendered shared/_search_modal.html.erb (0.2ms)
  Rendered shared/_main_content.html.erb (0.4ms)
  Rendered static_pages/index.html.erb within layouts/application (12.9ms)
Completed 200 OK in 34ms (Views: 30.5ms | ActiveRecord: 0.0ms)


Started GET "/assets/new_office.jpg" for ::1 at 2020-10-09 10:00:16 -0700
Started GET "/" for ::1 at 2020-10-09 10:03:51 -0700
Processing by StaticPagesController#index as HTML
  Rendering static_pages/index.html.erb within layouts/application
  Rendered shared/_main_nav.html.erb (0.2ms)
  Rendered shared/_masthead.html.erb (0.2ms)
  Rendered shared/_sections_nav.html.erb (0.3ms)
  Rendered shared/_search_modal.html.erb (0.2ms)
  Rendered shared/_main_content.html.erb (0.3ms)
  Rendered static_pages/index.html.erb within layouts/application (13.1ms)
Completed 200 OK in 109ms (Views: 104.9ms | ActiveRecord: 0.0ms)


Started GET "/assets/application.self-e229079662ba64eec2df88cc9898f07a6b5005419aa37c928d3d684a6d58d3e4.css?body=1" for ::1 at 2020-10-09 10:03:51 -0700
Started GET "/assets/new_office.jpg" for ::1 at 2020-10-09 10:03:51 -0700
Started GET "/" for ::1 at 2020-10-12 13:48:14 -0700
DEPRECATION WARNING: ActiveRecord::Base.raise_in_transactional_callbacks= is deprecated, has no effect and will be removed without replacement. (called from block (3 levels) in <class:Railtie> at /Users/carlosgarciajr/.rbenv/versions/2.5.1/lib/ruby/gems/2.5.0/gems/activerecord-5.0.7.2/lib/active_record/railtie.rb:113)
Processing by StaticPagesController#index as HTML
  Rendering static_pages/index.html.erb within layouts/application
  Rendered shared/_main_nav.html.erb (0.2ms)
  Rendered shared/_masthead.html.erb (0.1ms)
  Rendered shared/_sections_nav.html.erb (0.1ms)
  Rendered shared/_search_modal.html.erb (0.2ms)
  Rendered shared/_main_content.html.erb (0.3ms)
  Rendered static_pages/index.html.erb within layouts/application (14.5ms)
Completed 500 Internal Server Error in 194ms (ActiveRecord: 0.0ms)



Sass::SyntaxError - File to import not found or unreadable: base/grid.scss.
Load paths:
  /Users/carlosgarciajr/Documents/programming/app_academy_work/curriculum/html-css/projects/aa_times/skeleton/app/assets/images
  /Users/carlosgarciajr/Documents/programming/app_academy_work/curriculum/html-css/projects/aa_times/skeleton/app/assets/javascripts
  /Users/carlosgarciajr/Documents/programming/app_academy_work/curriculum/html-css/projects/aa_times/skeleton/app/assets/stylesheets
  /Users/carlosgarciajr/Documents/programming/app_academy_work/curriculum/html-css/projects/aa_times/skeleton/vendor/assets/javascripts
  /Users/carlosgarciajr/Documents/programming/app_academy_work/curriculum/html-css/projects/aa_times/skeleton/vendor/assets/stylesheets
  /Users/carlosgarciajr/.rbenv/versions/2.5.1/lib/ruby/gems/2.5.0/gems/jquery-rails-4.4.0/vendor/assets/javascripts
  /Users/carlosgarciajr/.rbenv/versions/2.5.1/lib/ruby/gems/2.5.0/gems/coffee-rails-4.2.2/lib/assets/javascripts
  /Users/carlosgarciajr/.rbenv/versions/2.5.1/lib/ruby/gems/2.5.0/gems/actioncable-5.0.7.2/lib/assets/compiled:
  app/views/layouts/application.html.erb:7:in `_app_views_layouts_application_html_erb___270333905406359367_70279989431840'

Started POST "/__better_errors/927a171e4587d656/variables" for ::1 at 2020-10-12 13:48:14 -0700
Started GET "/" for ::1 at 2020-10-12 13:48:41 -0700
Processing by StaticPagesController#index as HTML
  Rendering static_pages/index.html.erb within layouts/application
  Rendered shared/_main_nav.html.erb (0.2ms)
  Rendered shared/_masthead.html.erb (0.1ms)
  Rendered shared/_sections_nav.html.erb (0.3ms)
  Rendered shared/_search_modal.html.erb (0.3ms)
  Rendered shared/_main_content.html.erb (0.2ms)
  Rendered static_pages/index.html.erb within layouts/application (12.8ms)
Completed 200 OK in 110ms (Views: 107.4ms | ActiveRecord: 0.0ms)


Started GET "/assets/application.self-1237ad35a9ee79bd64030d4638d1fd80f6734c490eb538e0dd01d7af3c16bf40.css?body=1" for ::1 at 2020-10-12 13:48:41 -0700
Started GET "/" for ::1 at 2020-10-12 13:48:43 -0700
Processing by StaticPagesController#index as HTML
  Rendering static_pages/index.html.erb within layouts/application
  Rendered shared/_main_nav.html.erb (0.2ms)
  Rendered shared/_masthead.html.erb (0.2ms)
  Rendered shared/_sections_nav.html.erb (0.2ms)
  Rendered shared/_search_modal.html.erb (0.2ms)
  Rendered shared/_main_content.html.erb (0.2ms)
  Rendered static_pages/index.html.erb within layouts/application (13.1ms)
Completed 200 OK in 33ms (Views: 29.9ms | ActiveRecord: 0.0ms)


Started GET "/" for ::1 at 2020-10-12 13:55:52 -0700
DEPRECATION WARNING: ActiveRecord::Base.raise_in_transactional_callbacks= is deprecated, has no effect and will be removed without replacement. (called from block (3 levels) in <class:Railtie> at /Users/carlosgarciajr/.rbenv/versions/2.5.1/lib/ruby/gems/2.5.0/gems/activerecord-5.0.7.2/lib/active_record/railtie.rb:113)
Processing by StaticPagesController#index as HTML
  Rendering static_pages/index.html.erb within layouts/application
  Rendered shared/_main_nav.html.erb (0.2ms)
  Rendered shared/_masthead.html.erb (0.1ms)
  Rendered shared/_sections_nav.html.erb (0.3ms)
  Rendered shared/_search_modal.html.erb (0.2ms)
  Rendered shared/_main_content.html.erb (0.3ms)
  Rendered static_pages/index.html.erb within layouts/application (14.6ms)
Completed 200 OK in 257ms (Views: 254.8ms | ActiveRecord: 0.0ms)


Started GET "/assets/application.self-758afe40c177e32f890a8b8e23f11571b5d1785af915c0789bd6a19191afc6ab.css?body=1" for ::1 at 2020-10-12 13:55:52 -0700
Started GET "/assets/new_office.jpg" for ::1 at 2020-10-12 13:55:52 -0700
Started GET "/" for ::1 at 2020-10-12 13:56:32 -0700
Processing by StaticPagesController#index as HTML
  Rendering static_pages/index.html.erb within layouts/application
  Rendered shared/_main_nav.html.erb (0.1ms)
  Rendered shared/_masthead.html.erb (0.2ms)
  Rendered shared/_sections_nav.html.erb (0.1ms)
  Rendered shared/_search_modal.html.erb (0.3ms)
  Rendered shared/_main_content.html.erb (0.3ms)
  Rendered static_pages/index.html.erb within layouts/application (12.3ms)
Completed 200 OK in 75ms (Views: 72.8ms | ActiveRecord: 0.0ms)


Started GET "/assets/application.self-e229079662ba64eec2df88cc9898f07a6b5005419aa37c928d3d684a6d58d3e4.css?body=1" for ::1 at 2020-10-12 13:56:32 -0700
Started GET "/assets/new_office.jpg" for ::1 at 2020-10-12 13:56:32 -0700
Started GET "/" for ::1 at 2020-10-12 13:56:33 -0700
Processing by StaticPagesController#index as HTML
  Rendering static_pages/index.html.erb within layouts/application
  Rendered shared/_main_nav.html.erb (0.2ms)
  Rendered shared/_masthead.html.erb (0.2ms)
  Rendered shared/_sections_nav.html.erb (0.2ms)
  Rendered shared/_search_modal.html.erb (0.2ms)
  Rendered shared/_main_content.html.erb (0.2ms)
  Rendered static_pages/index.html.erb within layouts/application (12.9ms)
Completed 200 OK in 34ms (Views: 31.3ms | ActiveRecord: 0.0ms)


Started GET "/assets/new_office.jpg" for ::1 at 2020-10-12 13:56:33 -0700
Started GET "/" for ::1 at 2020-10-12 13:57:15 -0700
Processing by StaticPagesController#index as HTML
  Rendering static_pages/index.html.erb within layouts/application
  Rendered shared/_main_nav.html.erb (0.2ms)
  Rendered shared/_masthead.html.erb (0.2ms)
  Rendered shared/_sections_nav.html.erb (0.2ms)
  Rendered shared/_search_modal.html.erb (0.2ms)
  Rendered shared/_main_content.html.erb (0.3ms)
  Rendered static_pages/index.html.erb within layouts/application (12.6ms)
Completed 200 OK in 92ms (Views: 88.2ms | ActiveRecord: 0.0ms)


Started GET "/assets/application.self-7aae4f884d21c0f895d0e25909b4a3857ca3f7bdd4412baf28bf32a8b1f558b1.css?body=1" for ::1 at 2020-10-12 13:57:15 -0700
Started GET "/assets/new_office.jpg" for ::1 at 2020-10-12 13:57:15 -0700
Started GET "/" for ::1 at 2021-10-26 09:55:07 -0400
DEPRECATION WARNING: ActiveRecord::Base.raise_in_transactional_callbacks= is deprecated, has no effect and will be removed without replacement. (called from block (3 levels) in <class:Railtie> at /home/hahmed1523/.rbenv/versions/2.7.1/lib/ruby/gems/2.7.0/gems/activerecord-5.0.7.2/lib/active_record/railtie.rb:113)
Processing by StaticPagesController#index as HTML
  Rendering static_pages/index.html.erb within layouts/application
  Rendered shared/_main_nav.html.erb (0.5ms)
  Rendered shared/_masthead.html.erb (0.6ms)
  Rendered shared/_sections_nav.html.erb (0.6ms)
  Rendered shared/_search_modal.html.erb (0.9ms)
  Rendered shared/_main_content.html.erb (0.6ms)
  Rendered static_pages/index.html.erb within layouts/application (12.9ms)
Completed 200 OK in 1011ms (Views: 1008.8ms | ActiveRecord: 0.0ms)


Started GET "/assets/application.self-7485e468e668a0749a7c703c2076f7d6b62c8337b1b5d24af9ea93e4f5d8567b.css?body=1" for ::1 at 2021-10-26 09:55:09 -0400
Started GET "/assets/components/modal.self-52188644dbb47def5ee35ae02e69eb567ca9b664472357a8a5789dd39032a265.js?body=1" for ::1 at 2021-10-26 09:55:09 -0400
Started GET "/assets/application.self-f571b9db02bf4ed04c38a6a29072ac382f7d4f47db1fab9817aeadb0d8665235.js?body=1" for ::1 at 2021-10-26 09:55:09 -0400
Started GET "/assets/jquery.self-bd7ddd393353a8d2480a622e80342adf488fb6006d667e8b42e4c0073393abee.js?body=1" for ::1 at 2021-10-26 09:55:09 -0400
Started GET "/assets/components/sidebar.self-2a1277f850a6fa21e1a974ef5152f177ac05516477d5081d593bb137b3d6808b.js?body=1" for ::1 at 2021-10-26 09:55:09 -0400
Started GET "/assets/jquery_ujs.self-784a997f6726036b1993eb2217c9cb558e1cbb801c6da88105588c56f13b466a.js?body=1" for ::1 at 2021-10-26 09:55:09 -0400
Started GET "/assets/application.self-7485e468e668a0749a7c703c2076f7d6b62c8337b1b5d24af9ea93e4f5d8567b.css?body=1&livereload=1635258644896" for ::1 at 2021-10-26 10:30:44 -0400
Started GET "/assets/application.self-7485e468e668a0749a7c703c2076f7d6b62c8337b1b5d24af9ea93e4f5d8567b.css?body=1&livereload=1635258644904" for ::1 at 2021-10-26 10:30:44 -0400
Started GET "/assets/application.self-7485e468e668a0749a7c703c2076f7d6b62c8337b1b5d24af9ea93e4f5d8567b.css?body=1&livereload=1635258692478" for ::1 at 2021-10-26 10:31:32 -0400
Started GET "/assets/application.self-7485e468e668a0749a7c703c2076f7d6b62c8337b1b5d24af9ea93e4f5d8567b.css?body=1&livereload=1635258692494" for ::1 at 2021-10-26 10:31:32 -0400
Started GET "/assets/application.self-7485e468e668a0749a7c703c2076f7d6b62c8337b1b5d24af9ea93e4f5d8567b.css?body=1&livereload=1635258707277" for ::1 at 2021-10-26 10:31:47 -0400
Started GET "/assets/application.self-7485e468e668a0749a7c703c2076f7d6b62c8337b1b5d24af9ea93e4f5d8567b.css?body=1&livereload=1635258707287" for ::1 at 2021-10-26 10:31:47 -0400
Started GET "/assets/application.self-7485e468e668a0749a7c703c2076f7d6b62c8337b1b5d24af9ea93e4f5d8567b.css?body=1&livereload=1635258759911" for ::1 at 2021-10-26 10:32:39 -0400
Started GET "/assets/application.self-7485e468e668a0749a7c703c2076f7d6b62c8337b1b5d24af9ea93e4f5d8567b.css?body=1&livereload=1635258759916" for ::1 at 2021-10-26 10:32:39 -0400
Started GET "/assets/application.self-7485e468e668a0749a7c703c2076f7d6b62c8337b1b5d24af9ea93e4f5d8567b.css?body=1&livereload=1635258806678" for ::1 at 2021-10-26 10:33:26 -0400
Started GET "/assets/application.self-7485e468e668a0749a7c703c2076f7d6b62c8337b1b5d24af9ea93e4f5d8567b.css?body=1&livereload=1635258806683" for ::1 at 2021-10-26 10:33:26 -0400
Started GET "/assets/application.self-7485e468e668a0749a7c703c2076f7d6b62c8337b1b5d24af9ea93e4f5d8567b.css?body=1&livereload=1635258855973" for ::1 at 2021-10-26 10:34:15 -0400
Started GET "/assets/application.self-7485e468e668a0749a7c703c2076f7d6b62c8337b1b5d24af9ea93e4f5d8567b.css?body=1&livereload=1635258855978" for ::1 at 2021-10-26 10:34:15 -0400
Started GET "/assets/application.self-7485e468e668a0749a7c703c2076f7d6b62c8337b1b5d24af9ea93e4f5d8567b.css?body=1&livereload=1635259175391" for ::1 at 2021-10-26 10:39:35 -0400
Started GET "/assets/application.self-7485e468e668a0749a7c703c2076f7d6b62c8337b1b5d24af9ea93e4f5d8567b.css?body=1&livereload=1635259175398" for ::1 at 2021-10-26 10:39:35 -0400
Started GET "/assets/application.self-7485e468e668a0749a7c703c2076f7d6b62c8337b1b5d24af9ea93e4f5d8567b.css?body=1&livereload=1635259393244" for ::1 at 2021-10-26 10:43:13 -0400
Started GET "/assets/application.self-7485e468e668a0749a7c703c2076f7d6b62c8337b1b5d24af9ea93e4f5d8567b.css?body=1&livereload=1635259393257" for ::1 at 2021-10-26 10:43:13 -0400
Started GET "/" for ::1 at 2021-10-26 10:43:46 -0400
Processing by StaticPagesController#index as HTML
  Rendering static_pages/index.html.erb within layouts/application
  Rendered shared/_main_nav.html.erb (0.6ms)
  Rendered shared/_masthead.html.erb (0.5ms)
  Rendered shared/_sections_nav.html.erb (0.6ms)
  Rendered shared/_search_modal.html.erb (0.6ms)
  Rendered shared/_main_content.html.erb (0.7ms)
  Rendered static_pages/index.html.erb within layouts/application (11.2ms)
Completed 200 OK in 50ms (Views: 48.7ms | ActiveRecord: 0.0ms)


Started GET "/" for ::1 at 2021-10-26 10:43:46 -0400
Processing by StaticPagesController#index as HTML
  Rendering static_pages/index.html.erb within layouts/application
  Rendered shared/_main_nav.html.erb (0.8ms)
  Rendered shared/_masthead.html.erb (1.1ms)
  Rendered shared/_sections_nav.html.erb (0.6ms)
  Rendered shared/_search_modal.html.erb (0.7ms)
  Rendered shared/_main_content.html.erb (0.5ms)
  Rendered static_pages/index.html.erb within layouts/application (13.9ms)
Completed 200 OK in 66ms (Views: 65.0ms | ActiveRecord: 0.0ms)


Started GET "/assets/application.self-2e0e6632bc6ba087577090ba72e9ac6688a7f7291ebb7ef716b27d9df7716b26.css?body=1" for ::1 at 2021-10-26 10:43:46 -0400
Started GET "/" for ::1 at 2021-10-26 10:46:35 -0400
Processing by StaticPagesController#index as HTML
  Rendering static_pages/index.html.erb within layouts/application
  Rendered shared/_main_nav.html.erb (0.6ms)
  Rendered shared/_masthead.html.erb (0.5ms)
  Rendered shared/_sections_nav.html.erb (0.6ms)
  Rendered shared/_search_modal.html.erb (3.5ms)
  Rendered shared/_main_content.html.erb (0.6ms)
  Rendered static_pages/index.html.erb within layouts/application (23.8ms)
Completed 200 OK in 77ms (Views: 76.1ms | ActiveRecord: 0.0ms)


Started GET "/" for ::1 at 2021-10-26 10:51:03 -0400
Processing by StaticPagesController#index as HTML
  Rendering static_pages/index.html.erb within layouts/application
  Rendered shared/_main_nav.html.erb (0.7ms)
  Rendered shared/_masthead.html.erb (0.8ms)
  Rendered shared/_sections_nav.html.erb (1.5ms)
  Rendered shared/_search_modal.html.erb (0.8ms)
  Rendered shared/_main_content.html.erb (0.7ms)
  Rendered static_pages/index.html.erb within layouts/application (13.0ms)
Completed 200 OK in 55ms (Views: 53.5ms | ActiveRecord: 0.0ms)


Started GET "/" for ::1 at 2021-10-26 10:53:12 -0400
Processing by StaticPagesController#index as HTML
  Rendering static_pages/index.html.erb within layouts/application
  Rendered shared/_main_nav.html.erb (0.5ms)
  Rendered shared/_masthead.html.erb (0.6ms)
  Rendered shared/_sections_nav.html.erb (0.5ms)
  Rendered shared/_search_modal.html.erb (0.6ms)
  Rendered shared/_main_content.html.erb (0.6ms)
  Rendered static_pages/index.html.erb within layouts/application (9.4ms)
Started GET "/" for ::1 at 2021-10-26 10:53:12 -0400
Processing by StaticPagesController#index as HTML
  Rendering static_pages/index.html.erb within layouts/application
  Rendered shared/_main_nav.html.erb (0.9ms)
  Rendered shared/_masthead.html.erb (0.5ms)
  Rendered shared/_sections_nav.html.erb (0.6ms)
  Rendered shared/_search_modal.html.erb (0.7ms)
  Rendered shared/_main_content.html.erb (1.7ms)
  Rendered static_pages/index.html.erb within layouts/application (20.0ms)
Completed 200 OK in 72ms (Views: 71.0ms | ActiveRecord: 0.0ms)


Completed 200 OK in 88ms (Views: 86.7ms | ActiveRecord: 0.0ms)


Started GET "/" for ::1 at 2021-10-26 10:53:50 -0400
Processing by StaticPagesController#index as HTML
  Rendering static_pages/index.html.erb within layouts/application
  Rendered shared/_main_nav.html.erb (1.1ms)
  Rendered shared/_masthead.html.erb (0.5ms)
  Rendered shared/_sections_nav.html.erb (0.9ms)
  Rendered shared/_search_modal.html.erb (0.8ms)
  Rendered shared/_main_content.html.erb (0.5ms)
  Rendered static_pages/index.html.erb within layouts/application (22.9ms)
Completed 200 OK in 60ms (Views: 58.9ms | ActiveRecord: 0.0ms)


Started GET "/" for ::1 at 2021-10-26 10:56:44 -0400
Processing by StaticPagesController#index as HTML
  Rendering static_pages/index.html.erb within layouts/application
  Rendered shared/_main_nav.html.erb (0.7ms)
  Rendered shared/_masthead.html.erb (0.9ms)
  Rendered shared/_sections_nav.html.erb (0.6ms)
  Rendered shared/_search_modal.html.erb (0.6ms)
  Rendered shared/_main_content.html.erb (0.6ms)
  Rendered static_pages/index.html.erb within layouts/application (17.7ms)
Completed 200 OK in 47ms (Views: 45.2ms | ActiveRecord: 0.0ms)


Started GET "/" for ::1 at 2021-10-26 10:57:17 -0400
Processing by StaticPagesController#index as HTML
  Rendering static_pages/index.html.erb within layouts/application
  Rendered shared/_main_nav.html.erb (1.7ms)
  Rendered shared/_masthead.html.erb (0.4ms)
  Rendered shared/_sections_nav.html.erb (0.4ms)
  Rendered shared/_search_modal.html.erb (0.6ms)
  Rendered shared/_main_content.html.erb (0.6ms)
  Rendered static_pages/index.html.erb within layouts/application (18.6ms)
Completed 200 OK in 66ms (Views: 64.7ms | ActiveRecord: 0.0ms)


Started GET "/assets/application.self-2e0e6632bc6ba087577090ba72e9ac6688a7f7291ebb7ef716b27d9df7716b26.css?body=1&livereload=1635260301213" for ::1 at 2021-10-26 10:58:21 -0400
Started GET "/assets/application.self-2e0e6632bc6ba087577090ba72e9ac6688a7f7291ebb7ef716b27d9df7716b26.css?body=1&livereload=1635260301218" for ::1 at 2021-10-26 10:58:21 -0400
Started GET "/assets/application.self-2e0e6632bc6ba087577090ba72e9ac6688a7f7291ebb7ef716b27d9df7716b26.css?body=1&livereload=1635260361954" for ::1 at 2021-10-26 10:59:21 -0400
Started GET "/assets/application.self-2e0e6632bc6ba087577090ba72e9ac6688a7f7291ebb7ef716b27d9df7716b26.css?body=1&livereload=1635260361958" for ::1 at 2021-10-26 10:59:21 -0400
Started GET "/assets/application.self-2e0e6632bc6ba087577090ba72e9ac6688a7f7291ebb7ef716b27d9df7716b26.css?body=1&livereload=1635260386143" for ::1 at 2021-10-26 10:59:46 -0400
Started GET "/assets/application.self-2e0e6632bc6ba087577090ba72e9ac6688a7f7291ebb7ef716b27d9df7716b26.css?body=1&livereload=1635260386149" for ::1 at 2021-10-26 10:59:46 -0400
Started GET "/assets/application.self-2e0e6632bc6ba087577090ba72e9ac6688a7f7291ebb7ef716b27d9df7716b26.css?body=1&livereload=1635260403833" for ::1 at 2021-10-26 11:00:03 -0400
Started GET "/assets/application.self-2e0e6632bc6ba087577090ba72e9ac6688a7f7291ebb7ef716b27d9df7716b26.css?body=1&livereload=1635260403840" for ::1 at 2021-10-26 11:00:03 -0400
Started GET "/assets/application.self-2e0e6632bc6ba087577090ba72e9ac6688a7f7291ebb7ef716b27d9df7716b26.css?body=1&livereload=1635260417009" for ::1 at 2021-10-26 11:00:17 -0400
Started GET "/assets/application.self-2e0e6632bc6ba087577090ba72e9ac6688a7f7291ebb7ef716b27d9df7716b26.css?body=1&livereload=1635260417021" for ::1 at 2021-10-26 11:00:17 -0400
Started GET "/assets/application.self-2e0e6632bc6ba087577090ba72e9ac6688a7f7291ebb7ef716b27d9df7716b26.css?body=1&livereload=1635260420616" for ::1 at 2021-10-26 11:00:20 -0400
Started GET "/assets/application.self-2e0e6632bc6ba087577090ba72e9ac6688a7f7291ebb7ef716b27d9df7716b26.css?body=1&livereload=1635260420645" for ::1 at 2021-10-26 11:00:20 -0400
Started GET "/assets/application.self-2e0e6632bc6ba087577090ba72e9ac6688a7f7291ebb7ef716b27d9df7716b26.css?body=1&livereload=1635260429639" for ::1 at 2021-10-26 11:00:29 -0400
Started GET "/assets/application.self-2e0e6632bc6ba087577090ba72e9ac6688a7f7291ebb7ef716b27d9df7716b26.css?body=1&livereload=1635260429646" for ::1 at 2021-10-26 11:00:29 -0400
Started GET "/assets/application.self-2e0e6632bc6ba087577090ba72e9ac6688a7f7291ebb7ef716b27d9df7716b26.css?body=1&livereload=1635260460692" for ::1 at 2021-10-26 11:01:00 -0400
Started GET "/assets/application.self-2e0e6632bc6ba087577090ba72e9ac6688a7f7291ebb7ef716b27d9df7716b26.css?body=1&livereload=1635260460698" for ::1 at 2021-10-26 11:01:00 -0400
Started GET "/assets/application.self-2e0e6632bc6ba087577090ba72e9ac6688a7f7291ebb7ef716b27d9df7716b26.css?body=1&livereload=1635260464120" for ::1 at 2021-10-26 11:01:04 -0400
Started GET "/assets/application.self-2e0e6632bc6ba087577090ba72e9ac6688a7f7291ebb7ef716b27d9df7716b26.css?body=1&livereload=1635260464124" for ::1 at 2021-10-26 11:01:04 -0400
Started GET "/assets/application.self-2e0e6632bc6ba087577090ba72e9ac6688a7f7291ebb7ef716b27d9df7716b26.css?body=1&livereload=1635260472512" for ::1 at 2021-10-26 11:01:12 -0400
Started GET "/assets/application.self-2e0e6632bc6ba087577090ba72e9ac6688a7f7291ebb7ef716b27d9df7716b26.css?body=1&livereload=1635260472521" for ::1 at 2021-10-26 11:01:12 -0400
Started GET "/assets/application.self-2e0e6632bc6ba087577090ba72e9ac6688a7f7291ebb7ef716b27d9df7716b26.css?body=1&livereload=1635260514041" for ::1 at 2021-10-26 11:01:54 -0400
Started GET "/assets/application.self-2e0e6632bc6ba087577090ba72e9ac6688a7f7291ebb7ef716b27d9df7716b26.css?body=1&livereload=1635260514047" for ::1 at 2021-10-26 11:01:54 -0400
Started GET "/assets/application.self-2e0e6632bc6ba087577090ba72e9ac6688a7f7291ebb7ef716b27d9df7716b26.css?body=1&livereload=1635260523244" for ::1 at 2021-10-26 11:02:03 -0400
Started GET "/assets/application.self-2e0e6632bc6ba087577090ba72e9ac6688a7f7291ebb7ef716b27d9df7716b26.css?body=1&livereload=1635260523253" for ::1 at 2021-10-26 11:02:03 -0400
Started GET "/assets/application.self-2e0e6632bc6ba087577090ba72e9ac6688a7f7291ebb7ef716b27d9df7716b26.css?body=1&livereload=1635260534706" for ::1 at 2021-10-26 11:02:14 -0400
Started GET "/assets/application.self-2e0e6632bc6ba087577090ba72e9ac6688a7f7291ebb7ef716b27d9df7716b26.css?body=1&livereload=1635260534712" for ::1 at 2021-10-26 11:02:14 -0400
Started GET "/assets/application.self-2e0e6632bc6ba087577090ba72e9ac6688a7f7291ebb7ef716b27d9df7716b26.css?body=1&livereload=1635260619941" for ::1 at 2021-10-26 11:03:39 -0400
Started GET "/assets/application.self-2e0e6632bc6ba087577090ba72e9ac6688a7f7291ebb7ef716b27d9df7716b26.css?body=1&livereload=1635260619946" for ::1 at 2021-10-26 11:03:39 -0400
Started GET "/assets/application.self-2e0e6632bc6ba087577090ba72e9ac6688a7f7291ebb7ef716b27d9df7716b26.css?body=1&livereload=1635260683578" for ::1 at 2021-10-26 11:04:43 -0400
Started GET "/assets/application.self-2e0e6632bc6ba087577090ba72e9ac6688a7f7291ebb7ef716b27d9df7716b26.css?body=1&livereload=1635260683588" for ::1 at 2021-10-26 11:04:43 -0400
Started GET "/assets/application.self-2e0e6632bc6ba087577090ba72e9ac6688a7f7291ebb7ef716b27d9df7716b26.css?body=1&livereload=1635260714528" for ::1 at 2021-10-26 11:05:14 -0400
Started GET "/assets/application.self-2e0e6632bc6ba087577090ba72e9ac6688a7f7291ebb7ef716b27d9df7716b26.css?body=1&livereload=1635260714534" for ::1 at 2021-10-26 11:05:14 -0400
Started GET "/assets/application.self-2e0e6632bc6ba087577090ba72e9ac6688a7f7291ebb7ef716b27d9df7716b26.css?body=1&livereload=1635260936458" for ::1 at 2021-10-26 11:08:56 -0400
Started GET "/assets/application.self-2e0e6632bc6ba087577090ba72e9ac6688a7f7291ebb7ef716b27d9df7716b26.css?body=1&livereload=1635260936481" for ::1 at 2021-10-26 11:08:56 -0400
Started GET "/assets/application.self-2e0e6632bc6ba087577090ba72e9ac6688a7f7291ebb7ef716b27d9df7716b26.css?body=1&livereload=1635260953058" for ::1 at 2021-10-26 11:09:13 -0400
Started GET "/assets/application.self-2e0e6632bc6ba087577090ba72e9ac6688a7f7291ebb7ef716b27d9df7716b26.css?body=1&livereload=1635260953066" for ::1 at 2021-10-26 11:09:13 -0400
Started GET "/assets/application.self-2e0e6632bc6ba087577090ba72e9ac6688a7f7291ebb7ef716b27d9df7716b26.css?body=1&livereload=1635260969847" for ::1 at 2021-10-26 11:09:29 -0400
Started GET "/assets/application.self-2e0e6632bc6ba087577090ba72e9ac6688a7f7291ebb7ef716b27d9df7716b26.css?body=1&livereload=1635260969852" for ::1 at 2021-10-26 11:09:29 -0400
Started GET "/assets/application.self-2e0e6632bc6ba087577090ba72e9ac6688a7f7291ebb7ef716b27d9df7716b26.css?body=1&livereload=1635261011815" for ::1 at 2021-10-26 11:10:11 -0400
Started GET "/assets/application.self-2e0e6632bc6ba087577090ba72e9ac6688a7f7291ebb7ef716b27d9df7716b26.css?body=1&livereload=1635261011822" for ::1 at 2021-10-26 11:10:11 -0400
Started GET "/assets/application.self-2e0e6632bc6ba087577090ba72e9ac6688a7f7291ebb7ef716b27d9df7716b26.css?body=1&livereload=1635261076467" for ::1 at 2021-10-26 11:11:16 -0400
Started GET "/assets/application.self-2e0e6632bc6ba087577090ba72e9ac6688a7f7291ebb7ef716b27d9df7716b26.css?body=1&livereload=1635261076476" for ::1 at 2021-10-26 11:11:16 -0400
Started GET "/assets/application.self-2e0e6632bc6ba087577090ba72e9ac6688a7f7291ebb7ef716b27d9df7716b26.css?body=1&livereload=1635261089190" for ::1 at 2021-10-26 11:11:29 -0400
Started GET "/assets/application.self-2e0e6632bc6ba087577090ba72e9ac6688a7f7291ebb7ef716b27d9df7716b26.css?body=1&livereload=1635261089197" for ::1 at 2021-10-26 11:11:29 -0400
Started GET "/assets/application.self-2e0e6632bc6ba087577090ba72e9ac6688a7f7291ebb7ef716b27d9df7716b26.css?body=1&livereload=1635261159149" for ::1 at 2021-10-26 11:12:39 -0400
Started GET "/assets/application.self-2e0e6632bc6ba087577090ba72e9ac6688a7f7291ebb7ef716b27d9df7716b26.css?body=1&livereload=1635261159165" for ::1 at 2021-10-26 11:12:39 -0400
Started GET "/assets/application.self-2e0e6632bc6ba087577090ba72e9ac6688a7f7291ebb7ef716b27d9df7716b26.css?body=1&livereload=1635261211607" for ::1 at 2021-10-26 11:13:31 -0400
Started GET "/assets/application.self-2e0e6632bc6ba087577090ba72e9ac6688a7f7291ebb7ef716b27d9df7716b26.css?body=1&livereload=1635261211615" for ::1 at 2021-10-26 11:13:31 -0400
Started GET "/assets/application.self-2e0e6632bc6ba087577090ba72e9ac6688a7f7291ebb7ef716b27d9df7716b26.css?body=1&livereload=1635261383315" for ::1 at 2021-10-26 11:16:23 -0400
Started GET "/assets/application.self-2e0e6632bc6ba087577090ba72e9ac6688a7f7291ebb7ef716b27d9df7716b26.css?body=1&livereload=1635261383320" for ::1 at 2021-10-26 11:16:23 -0400
Started GET "/assets/application.self-2e0e6632bc6ba087577090ba72e9ac6688a7f7291ebb7ef716b27d9df7716b26.css?body=1&livereload=1635261387373" for ::1 at 2021-10-26 11:16:27 -0400
Started GET "/assets/application.self-2e0e6632bc6ba087577090ba72e9ac6688a7f7291ebb7ef716b27d9df7716b26.css?body=1&livereload=1635261387397" for ::1 at 2021-10-26 11:16:27 -0400
Started GET "/assets/application.self-2e0e6632bc6ba087577090ba72e9ac6688a7f7291ebb7ef716b27d9df7716b26.css?body=1&livereload=1635261413642" for ::1 at 2021-10-26 11:16:53 -0400
Started GET "/assets/application.self-2e0e6632bc6ba087577090ba72e9ac6688a7f7291ebb7ef716b27d9df7716b26.css?body=1&livereload=1635261413647" for ::1 at 2021-10-26 11:16:53 -0400
Started GET "/assets/application.self-2e0e6632bc6ba087577090ba72e9ac6688a7f7291ebb7ef716b27d9df7716b26.css?body=1&livereload=1635261470687" for ::1 at 2021-10-26 11:17:50 -0400
Started GET "/assets/application.self-2e0e6632bc6ba087577090ba72e9ac6688a7f7291ebb7ef716b27d9df7716b26.css?body=1&livereload=1635261470695" for ::1 at 2021-10-26 11:17:50 -0400
Started GET "/assets/application.self-2e0e6632bc6ba087577090ba72e9ac6688a7f7291ebb7ef716b27d9df7716b26.css?body=1&livereload=1635261492710" for ::1 at 2021-10-26 11:18:12 -0400
Started GET "/assets/application.self-2e0e6632bc6ba087577090ba72e9ac6688a7f7291ebb7ef716b27d9df7716b26.css?body=1&livereload=1635261492718" for ::1 at 2021-10-26 11:18:12 -0400
Started GET "/assets/application.self-2e0e6632bc6ba087577090ba72e9ac6688a7f7291ebb7ef716b27d9df7716b26.css?body=1&livereload=1635261501191" for ::1 at 2021-10-26 11:18:21 -0400
Started GET "/assets/application.self-2e0e6632bc6ba087577090ba72e9ac6688a7f7291ebb7ef716b27d9df7716b26.css?body=1&livereload=1635261501197" for ::1 at 2021-10-26 11:18:21 -0400
Started GET "/assets/application.self-2e0e6632bc6ba087577090ba72e9ac6688a7f7291ebb7ef716b27d9df7716b26.css?body=1&livereload=1635261528987" for ::1 at 2021-10-26 11:18:49 -0400
Started GET "/assets/application.self-2e0e6632bc6ba087577090ba72e9ac6688a7f7291ebb7ef716b27d9df7716b26.css?body=1&livereload=1635261528994" for ::1 at 2021-10-26 11:18:49 -0400
Started GET "/assets/application.self-2e0e6632bc6ba087577090ba72e9ac6688a7f7291ebb7ef716b27d9df7716b26.css?body=1&livereload=1635261602841" for ::1 at 2021-10-26 11:20:02 -0400
Started GET "/assets/application.self-2e0e6632bc6ba087577090ba72e9ac6688a7f7291ebb7ef716b27d9df7716b26.css?body=1&livereload=1635261602859" for ::1 at 2021-10-26 11:20:02 -0400
Started GET "/assets/application.self-2e0e6632bc6ba087577090ba72e9ac6688a7f7291ebb7ef716b27d9df7716b26.css?body=1&livereload=1635261619087" for ::1 at 2021-10-26 11:20:19 -0400
Started GET "/assets/application.self-2e0e6632bc6ba087577090ba72e9ac6688a7f7291ebb7ef716b27d9df7716b26.css?body=1&livereload=1635261619106" for ::1 at 2021-10-26 11:20:19 -0400
Started GET "/assets/application.self-2e0e6632bc6ba087577090ba72e9ac6688a7f7291ebb7ef716b27d9df7716b26.css?body=1&livereload=1635261706579" for ::1 at 2021-10-26 11:21:46 -0400
Started GET "/assets/application.self-2e0e6632bc6ba087577090ba72e9ac6688a7f7291ebb7ef716b27d9df7716b26.css?body=1&livereload=1635261706587" for ::1 at 2021-10-26 11:21:46 -0400
Started GET "/assets/application.self-2e0e6632bc6ba087577090ba72e9ac6688a7f7291ebb7ef716b27d9df7716b26.css?body=1&livereload=1635261784298" for ::1 at 2021-10-26 11:23:04 -0400
Started GET "/assets/application.self-2e0e6632bc6ba087577090ba72e9ac6688a7f7291ebb7ef716b27d9df7716b26.css?body=1&livereload=1635261784307" for ::1 at 2021-10-26 11:23:04 -0400
Started GET "/assets/application.self-2e0e6632bc6ba087577090ba72e9ac6688a7f7291ebb7ef716b27d9df7716b26.css?body=1&livereload=1635261810573" for ::1 at 2021-10-26 11:23:30 -0400
Started GET "/assets/application.self-2e0e6632bc6ba087577090ba72e9ac6688a7f7291ebb7ef716b27d9df7716b26.css?body=1&livereload=1635261810578" for ::1 at 2021-10-26 11:23:30 -0400
Started GET "/assets/application.self-2e0e6632bc6ba087577090ba72e9ac6688a7f7291ebb7ef716b27d9df7716b26.css?body=1&livereload=1635261844326" for ::1 at 2021-10-26 11:24:04 -0400
Started GET "/assets/application.self-2e0e6632bc6ba087577090ba72e9ac6688a7f7291ebb7ef716b27d9df7716b26.css?body=1&livereload=1635261844337" for ::1 at 2021-10-26 11:24:04 -0400
Started GET "/assets/application.self-2e0e6632bc6ba087577090ba72e9ac6688a7f7291ebb7ef716b27d9df7716b26.css?body=1&livereload=1635261872941" for ::1 at 2021-10-26 11:24:32 -0400
Started GET "/assets/application.self-2e0e6632bc6ba087577090ba72e9ac6688a7f7291ebb7ef716b27d9df7716b26.css?body=1&livereload=1635261872967" for ::1 at 2021-10-26 11:24:32 -0400
Started GET "/assets/application.self-2e0e6632bc6ba087577090ba72e9ac6688a7f7291ebb7ef716b27d9df7716b26.css?body=1&livereload=1635261932861" for ::1 at 2021-10-26 11:25:32 -0400
Started GET "/assets/application.self-2e0e6632bc6ba087577090ba72e9ac6688a7f7291ebb7ef716b27d9df7716b26.css?body=1&livereload=1635261932877" for ::1 at 2021-10-26 11:25:32 -0400
Started GET "/assets/application.self-2e0e6632bc6ba087577090ba72e9ac6688a7f7291ebb7ef716b27d9df7716b26.css?body=1&livereload=1635261945680" for ::1 at 2021-10-26 11:25:45 -0400
Started GET "/assets/application.self-2e0e6632bc6ba087577090ba72e9ac6688a7f7291ebb7ef716b27d9df7716b26.css?body=1&livereload=1635261945685" for ::1 at 2021-10-26 11:25:45 -0400
Started GET "/assets/application.self-2e0e6632bc6ba087577090ba72e9ac6688a7f7291ebb7ef716b27d9df7716b26.css?body=1&livereload=1635261954252" for ::1 at 2021-10-26 11:25:54 -0400
Started GET "/assets/application.self-2e0e6632bc6ba087577090ba72e9ac6688a7f7291ebb7ef716b27d9df7716b26.css?body=1&livereload=1635261954266" for ::1 at 2021-10-26 11:25:54 -0400
Started GET "/assets/application.self-2e0e6632bc6ba087577090ba72e9ac6688a7f7291ebb7ef716b27d9df7716b26.css?body=1&livereload=1635261980424" for ::1 at 2021-10-26 11:26:20 -0400
Started GET "/assets/application.self-2e0e6632bc6ba087577090ba72e9ac6688a7f7291ebb7ef716b27d9df7716b26.css?body=1&livereload=1635261980431" for ::1 at 2021-10-26 11:26:20 -0400
Started GET "/assets/application.self-2e0e6632bc6ba087577090ba72e9ac6688a7f7291ebb7ef716b27d9df7716b26.css?body=1&livereload=1635261988728" for ::1 at 2021-10-26 11:26:28 -0400
Started GET "/assets/application.self-2e0e6632bc6ba087577090ba72e9ac6688a7f7291ebb7ef716b27d9df7716b26.css?body=1&livereload=1635261988735" for ::1 at 2021-10-26 11:26:28 -0400
Started GET "/assets/application.self-2e0e6632bc6ba087577090ba72e9ac6688a7f7291ebb7ef716b27d9df7716b26.css?body=1&livereload=1635261995949" for ::1 at 2021-10-26 11:26:35 -0400
Started GET "/assets/application.self-2e0e6632bc6ba087577090ba72e9ac6688a7f7291ebb7ef716b27d9df7716b26.css?body=1&livereload=1635261995961" for ::1 at 2021-10-26 11:26:35 -0400
Started GET "/assets/application.self-2e0e6632bc6ba087577090ba72e9ac6688a7f7291ebb7ef716b27d9df7716b26.css?body=1&livereload=1635262022123" for ::1 at 2021-10-26 11:27:02 -0400
Started GET "/assets/application.self-2e0e6632bc6ba087577090ba72e9ac6688a7f7291ebb7ef716b27d9df7716b26.css?body=1&livereload=1635262022129" for ::1 at 2021-10-26 11:27:02 -0400
Started GET "/assets/application.self-2e0e6632bc6ba087577090ba72e9ac6688a7f7291ebb7ef716b27d9df7716b26.css?body=1&livereload=1635262030876" for ::1 at 2021-10-26 11:27:10 -0400
Started GET "/assets/application.self-2e0e6632bc6ba087577090ba72e9ac6688a7f7291ebb7ef716b27d9df7716b26.css?body=1&livereload=1635262030889" for ::1 at 2021-10-26 11:27:10 -0400
Started GET "/assets/application.self-2e0e6632bc6ba087577090ba72e9ac6688a7f7291ebb7ef716b27d9df7716b26.css?body=1&livereload=1635262036831" for ::1 at 2021-10-26 11:27:16 -0400
Started GET "/assets/application.self-2e0e6632bc6ba087577090ba72e9ac6688a7f7291ebb7ef716b27d9df7716b26.css?body=1&livereload=1635262036839" for ::1 at 2021-10-26 11:27:16 -0400
Started GET "/assets/application.self-2e0e6632bc6ba087577090ba72e9ac6688a7f7291ebb7ef716b27d9df7716b26.css?body=1&livereload=1635262042244" for ::1 at 2021-10-26 11:27:22 -0400
Started GET "/assets/application.self-2e0e6632bc6ba087577090ba72e9ac6688a7f7291ebb7ef716b27d9df7716b26.css?body=1&livereload=1635262042253" for ::1 at 2021-10-26 11:27:22 -0400
Started GET "/assets/application.self-2e0e6632bc6ba087577090ba72e9ac6688a7f7291ebb7ef716b27d9df7716b26.css?body=1&livereload=1635262047928" for ::1 at 2021-10-26 11:27:27 -0400
Started GET "/assets/application.self-2e0e6632bc6ba087577090ba72e9ac6688a7f7291ebb7ef716b27d9df7716b26.css?body=1&livereload=1635262047957" for ::1 at 2021-10-26 11:27:27 -0400
Started GET "/assets/application.self-2e0e6632bc6ba087577090ba72e9ac6688a7f7291ebb7ef716b27d9df7716b26.css?body=1&livereload=1635262268938" for ::1 at 2021-10-26 11:31:08 -0400
Started GET "/assets/application.self-2e0e6632bc6ba087577090ba72e9ac6688a7f7291ebb7ef716b27d9df7716b26.css?body=1&livereload=1635262268952" for ::1 at 2021-10-26 11:31:08 -0400
Started GET "/assets/application.self-2e0e6632bc6ba087577090ba72e9ac6688a7f7291ebb7ef716b27d9df7716b26.css?body=1&livereload=1635262322544" for ::1 at 2021-10-26 11:32:02 -0400
Started GET "/assets/application.self-2e0e6632bc6ba087577090ba72e9ac6688a7f7291ebb7ef716b27d9df7716b26.css?body=1&livereload=1635262322548" for ::1 at 2021-10-26 11:32:02 -0400
Started GET "/assets/application.self-2e0e6632bc6ba087577090ba72e9ac6688a7f7291ebb7ef716b27d9df7716b26.css?body=1&livereload=1635262350071" for ::1 at 2021-10-26 11:32:30 -0400
Started GET "/assets/application.self-2e0e6632bc6ba087577090ba72e9ac6688a7f7291ebb7ef716b27d9df7716b26.css?body=1&livereload=1635262350081" for ::1 at 2021-10-26 11:32:30 -0400
Started GET "/assets/application.self-2e0e6632bc6ba087577090ba72e9ac6688a7f7291ebb7ef716b27d9df7716b26.css?body=1&livereload=1635262410993" for ::1 at 2021-10-26 11:33:31 -0400
Started GET "/assets/application.self-2e0e6632bc6ba087577090ba72e9ac6688a7f7291ebb7ef716b27d9df7716b26.css?body=1&livereload=1635262410998" for ::1 at 2021-10-26 11:33:31 -0400
Started GET "/assets/application.self-2e0e6632bc6ba087577090ba72e9ac6688a7f7291ebb7ef716b27d9df7716b26.css?body=1&livereload=1635262563776" for ::1 at 2021-10-26 11:36:03 -0400
Started GET "/assets/application.self-2e0e6632bc6ba087577090ba72e9ac6688a7f7291ebb7ef716b27d9df7716b26.css?body=1&livereload=1635262563779" for ::1 at 2021-10-26 11:36:03 -0400
Started GET "/assets/application.self-2e0e6632bc6ba087577090ba72e9ac6688a7f7291ebb7ef716b27d9df7716b26.css?body=1&livereload=1635262574243" for ::1 at 2021-10-26 11:36:14 -0400
Started GET "/assets/application.self-2e0e6632bc6ba087577090ba72e9ac6688a7f7291ebb7ef716b27d9df7716b26.css?body=1&livereload=1635262574253" for ::1 at 2021-10-26 11:36:14 -0400
Started GET "/assets/application.self-2e0e6632bc6ba087577090ba72e9ac6688a7f7291ebb7ef716b27d9df7716b26.css?body=1&livereload=1635262640412" for ::1 at 2021-10-26 11:37:20 -0400
Started GET "/assets/application.self-2e0e6632bc6ba087577090ba72e9ac6688a7f7291ebb7ef716b27d9df7716b26.css?body=1&livereload=1635262640422" for ::1 at 2021-10-26 11:37:20 -0400
Started GET "/assets/application.self-2e0e6632bc6ba087577090ba72e9ac6688a7f7291ebb7ef716b27d9df7716b26.css?body=1&livereload=1635262689328" for ::1 at 2021-10-26 11:38:09 -0400
Started GET "/assets/application.self-2e0e6632bc6ba087577090ba72e9ac6688a7f7291ebb7ef716b27d9df7716b26.css?body=1&livereload=1635262689345" for ::1 at 2021-10-26 11:38:09 -0400
Started GET "/assets/application.self-2e0e6632bc6ba087577090ba72e9ac6688a7f7291ebb7ef716b27d9df7716b26.css?body=1&livereload=1635262719019" for ::1 at 2021-10-26 11:38:39 -0400
Started GET "/assets/application.self-2e0e6632bc6ba087577090ba72e9ac6688a7f7291ebb7ef716b27d9df7716b26.css?body=1&livereload=1635262719014" for ::1 at 2021-10-26 11:38:39 -0400
Started GET "/assets/application.self-2e0e6632bc6ba087577090ba72e9ac6688a7f7291ebb7ef716b27d9df7716b26.css?body=1&livereload=1635262738691" for ::1 at 2021-10-26 11:38:58 -0400
Started GET "/assets/application.self-2e0e6632bc6ba087577090ba72e9ac6688a7f7291ebb7ef716b27d9df7716b26.css?body=1&livereload=1635262738720" for ::1 at 2021-10-26 11:38:58 -0400
Started GET "/assets/application.self-2e0e6632bc6ba087577090ba72e9ac6688a7f7291ebb7ef716b27d9df7716b26.css?body=1&livereload=1635262797267" for ::1 at 2021-10-26 11:39:57 -0400
Started GET "/assets/application.self-2e0e6632bc6ba087577090ba72e9ac6688a7f7291ebb7ef716b27d9df7716b26.css?body=1&livereload=1635262797281" for ::1 at 2021-10-26 11:39:57 -0400
